				;
				;	Disassembled by:
				;		DASMx object code disassembler
				;		(c) Copyright 1996, 1997   Conquest Consultants
				;		Version 1.10 (Jul 16 1997)
				;
				;	File:	ic17.532
				;	Date:	Sun Jul 04 19:15:08 2021
				;	CPU:	Motorola 6800/6802/6808
				;
					org	$7000
				;
7000				ic17:
7000				u17rom:
7000 : 8B CE 		"  "		adda	#$CE
7002 : 24 00 		"$ "		bcc	L7004
7004				L7004:
7004 : A7 00 		"  "		staa	$00,x
7006 : E6 03 		"  "		ldab	$03,x
7008 : 6F 03 		"o "		clr	$03,x
700A : A7 02 		"  "		staa	$02,x
700C : E7 03 		"  "		stab	$03,x
700E : 96 8C 		"  "		ldaa	X008C
7010 : 48 		"H"		asla
7011 : 26 05 		"& "		bne	L7018
7013 : 97 8B 		"  "		staa	X008B
7015 : 97 89 		"  "		staa	X0089
7017 : 4C 		"L"		inca
7018				L7018:
7018 : 97 8C 		"  "		staa	X008C
701A : A7 02 		"  "		staa	$02,x
701C : A1 02 		"  "		cmpa	$02,x
701E : 26 0F 		"& "		bne	L702F
7020 : DE 8A 		"  "		ldx	X008A
7022 : A6 20 		"  "		ldaa	$20,x
7024 : 16 		" "		tab
7025 : 53 		"S"		comb
7026 : E4 10 		"  "		andb	$10,x
7028 : A4 28 		" ("		anda	$28,x
702A : 1B 		" "		aba
702B : 43 		"C"		coma
702C : B7 24 00 	" $ "		staa	X2400
702F				L702F:
702F : DE 8A 		"  "		ldx	X008A
7031 : D6 89 		"  "		ldab	X0089
7033 : C4 07 		"  "		andb	#$07
7035 : 26 2F 		"&/"		bne	L7066
7037 : 86 FF 		"  "		ldaa	#$FF
7039 : B7 28 02 	" ( "		staa	X2802
703C : D6 89 		"  "		ldab	X0089
703E : F7 28 00 	" ( "		stab	X2800
7041 : 26 6A 		"&j"		bne	L70AD
7043 : 7C 00 95 	"|  "		inc	X0095
7046 : 96 60 		" `"		ldaa	X0060
7048 : 97 8D 		"  "		staa	X008D
704A : 96 5C 		" \"		ldaa	X005C
704C : 97 8E 		"  "		staa	X008E
704E : 96 5E 		" ^"		ldaa	X005E
7050 : 97 8F 		"  "		staa	X008F
7052 : D6 5A 		" Z"		ldab	X005A
7054 : 79 00 8E 	"y  "		rol	X008E
7057 : 24 02 		"$ "		bcc	L705B
7059 : D6 5B 		" ["		ldab	X005B
705B				L705B:
705B : 96 58 		" X"		ldaa	X0058
705D : 79 00 8F 	"y  "		rol	X008F
7060 : 24 43 		"$C"		bcc	L70A5
7062 : 96 59 		" Y"		ldaa	X0059
7064 : 20 3F 		" ?"		bra	L70A5
				;
7066				L7066:
7066 : D7 90 		"  "		stab	X0090
7068 : 5A 		"Z"		decb
7069 : 27 04 		"' "		beq	L706F
706B : C0 03 		"  "		subb	#$03
706D : 26 0D 		"& "		bne	L707C
706F				L706F:
706F : 79 00 8D 	"y  "		rol	X008D
7072 : 56 		"V"		rorb
7073 : 79 00 8D 	"y  "		rol	X008D
7076 : 56 		"V"		rorb
7077 : FA 21 02 	" ! "		orab	X2102
707A : 20 05 		"  "		bra	L7081
				;
707C				L707C:
707C : F6 21 02 	" ! "		ldab	X2102
707F : C4 3F 		" ?"		andb	#$3F
7081				L7081:
7081 : F7 21 02 	" ! "		stab	X2102
7084 : 86 FF 		"  "		ldaa	#$FF
7086 : B7 28 02 	" ( "		staa	X2802
7089 : 96 89 		"  "		ldaa	X0089
708B : B7 28 00 	" ( "		staa	X2800
708E : A6 38 		" 8"		ldaa	$38,x
7090 : 79 00 8E 	"y  "		rol	X008E
7093 : 24 02 		"$ "		bcc	L7097
7095 : A6 48 		" H"		ldaa	$48,x
7097				L7097:
7097 : E6 40 		" @"		ldab	$40,x
7099 : 79 00 8F 	"y  "		rol	X008F
709C : 24 02 		"$ "		bcc	L70A0
709E : E6 50 		" P"		ldab	$50,x
70A0				L70A0:
70A0 : 76 00 90 	"v  "		ror	X0090
70A3 : 25 22 		"%""		bcs	L70C7
70A5				L70A5:
70A5 : 54 		"T"		lsrb
70A6 : 54 		"T"		lsrb
70A7 : 54 		"T"		lsrb
70A8 : 54 		"T"		lsrb
70A9 : 84 F0 		"  "		anda	#$F0
70AB : 20 20 		"  "		bra	L70CD
				;
70AD				L70AD:
70AD : 96 5D 		" ]"		ldaa	X005D
70AF : 97 8E 		"  "		staa	X008E
70B1 : 96 5F 		" _"		ldaa	X005F
70B3 : 97 8F 		"  "		staa	X008F
70B5 : D6 5A 		" Z"		ldab	X005A
70B7 : 79 00 8E 	"y  "		rol	X008E
70BA : 24 02 		"$ "		bcc	L70BE
70BC : D6 5B 		" ["		ldab	X005B
70BE				L70BE:
70BE : 96 58 		" X"		ldaa	X0058
70C0 : 79 00 8F 	"y  "		rol	X008F
70C3 : 24 02 		"$ "		bcc	L70C7
70C5 : 96 59 		" Y"		ldaa	X0059
70C7				L70C7:
70C7 : 48 		"H"		asla
70C8 : 48 		"H"		asla
70C9 : 48 		"H"		asla
70CA : 48 		"H"		asla
70CB : C4 0F 		"  "		andb	#$0F
70CD				L70CD:
70CD : 1B 		" "		aba
70CE : B7 28 02 	" ( "		staa	X2802
70D1 : 96 89 		"  "		ldaa	X0089
70D3 : 4C 		"L"		inca
70D4 : 97 89 		"  "		staa	X0089
70D6 : 46 		"F"		rora
70D7 : 25 23 		"%#"		bcs	L70FC
70D9 : 86 01 		"  "		ldaa	#$01
70DB : B7 30 02 	" 0 "		staa	X3002
70DE : CE 00 00 	"   "		ldx	#$0000
70E1				L70E1:
70E1 : A6 61 		" a"		ldaa	$61,x
70E3 : B8 30 00 	" 0 "		eora	X3000
70E6 : 16 		" "		tab
70E7 : A4 69 		" i"		anda	$69,x
70E9 : AA 71 		" q"		oraa	$71,x
70EB : A7 71 		" q"		staa	$71,x
70ED : E7 69 		" i"		stab	$69,x
70EF : 53 		"S"		comb
70F0 : E4 71 		" q"		andb	$71,x
70F2 : EA 79 		" y"		orab	$79,x
70F4 : E7 79 		" y"		stab	$79,x
70F6 : 08 		" "		inx
70F7 : 78 30 02 	"x0 "		asl	X3002
70FA : 24 E5 		"$ "		bcc	L70E1
70FC				L70FC:
70FC : 96 94 		"  "		ldaa	X0094
70FE : 27 0D 		"' "		beq	L710D
7100 : 7A 00 94 	"z  "		dec	X0094
7103 : 26 08 		"& "		bne	L710D
7105 : DE 91 		"  "		ldx	X0091
7107 : A6 00 		"  "		ldaa	$00,x
7109 : 98 93 		"  "		eora	X0093
710B : A7 00 		"  "		staa	$00,x
710D				L710D:
710D : 3B 		";"		rti
				;
710E : 7F 3E C0 3E 	" > >"		db	$7F, $3E, $C0, $3E
7112 : FF 3C FF 34 	" < 4"		db	$FF, $3C, $FF, $34
7116 : FF 3C FF 3C 	" < <"		db	$FF, $3C, $FF, $3C
711A : FF 3C FF 3C 	" < <"		db	$FF, $3C, $FF, $3C
711E : 00 3C FF 3C 	" < <"		db	$00, $3C, $FF, $3C
7122 : 24 03 24 01 	"$ $ "		db	$24, $03, $24, $01
7126 : 30 03 30 01 	"0 0 "		db	$30, $03, $30, $01
712A : 22 01 28 03 	"" ( "		db	$22, $01, $28, $03
712E : 21 03 21 01 	"! ! "		db	$21, $03, $21, $01
7132 : 22 03 00 10 	""   "		db	$22, $03, $00, $10
7136 : 00 30 00 28 	" 0 ("		db	$00, $30, $00, $28
713A : 00 20 DF 9E 	"    "		db	$00, $20, $DF, $9E
713E : CE 00 10 37 	"   7"		db	$CE, $00, $10, $37
7142 : 8D 58 37 EA 	" X7 "		db	$8D, $58, $37, $EA
7146 : 00 E7 00 DF 	"    "		db	$00, $E7, $00, $DF
714A : 9C D6 9D C1 	"    "		db	$9C, $D6, $9D, $C1
714E : 18 33 24 05 	" 3$ "		db	$18, $33, $24, $05
7152 : 53 E4 20 E7 	"S   "		db	$53, $E4, $20, $E7
7156 : 20 33 DE 9E 	" 3  "		db	$20, $33, $DE, $9E
715A : 39 DF 9E CE 	"9   "		db	$39, $DF, $9E, $CE
715E : 00 10 37 8D 	"  7 "		db	$00, $10, $37, $8D
7162 : 39 37 53 E4 	"97S "		db	$39, $37, $53, $E4
7166 : 00 20 DE DF 	"    "		db	$00, $20, $DE, $DF
716A : 9E CE 00 30 	"   0"		db	$9E, $CE, $00, $30
716E : 20 D1 DF 9E 	"    "		db	$20, $D1, $DF, $9E
7172 : CE 00 10 37 	"   7"		db	$CE, $00, $10, $37
7176 : 8D 24 E8 00 	" $  "		db	$8D, $24, $E8, $00
717A : E7 00 20 D9 	"    "		db	$E7, $00, $20, $D9
717E : CE 00 20 20 	"    "		db	$CE, $00, $20, $20
7182 : BE CE 00 20 	"    "		db	$BE, $CE, $00, $20
7186 : 20 D8 CE 00 	"    "		db	$20, $D8, $CE, $00
718A : 20 20 E8 CE 	"    "		db	$20, $20, $E8, $CE
718E : 00 28 20 AF 	" (  "		db	$00, $28, $20, $AF
7192 : CE 00 28 20 	"  ( "		db	$CE, $00, $28, $20
7196 : C9 CE 00 28 	"   ("		db	$C9, $CE, $00, $28
719A : 20 D9 36 44 	"  6D"		db	$20, $D9, $36, $44
719E : 44 44 BD EE 	"DD  "		db	$44, $44, $BD, $EE
71A2 : FF 32 7E EB 	" 2~ "		db	$FF, $32, $7E, $EB
71A6 : 8E 8D 71 17 	"  q "		db	$8E, $8D, $71, $17
71AA : 43 A4 00 8D 	"C   "		db	$43, $A4, $00, $8D
71AE : 07 BD F2 55 	"   U"		db	$07, $BD, $F2, $55
71B2 : 24 F5 20 5D 	"$  ]"		db	$24, $F5, $20, $5D
71B6 : A7 00 DF 9C 	"    "		db	$A7, $00, $DF, $9C
71BA : 96 9D 81 18 	"    "		db	$96, $9D, $81, $18
71BE : 24 06 17 43 	"$  C"		db	$24, $06, $17, $43
71C2 : A4 20 A7 20 	"    "		db	$A4, $20, $A7, $20
71C6 : 39 8D 51 17 	"9 Q "		db	$39, $8D, $51, $17
71CA : A8 00 A7 00 	"    "		db	$A8, $00, $A7, $00
71CE : BD F2 55 24 	"  U$"		db	$BD, $F2, $55, $24
71D2 : F6 20 3E 8D 	"  > "		db	$F6, $20, $3E, $8D
71D6 : 4F 26 3A BD 	"O&: "		db	$4F, $26, $3A, $BD
71DA : F2 64 25 08 	" d% "		db	$F2, $64, $25, $08
71DE : 27 F9 17 43 	"'  C"		db	$27, $F9, $17, $43
71E2 : A4 00 A7 00 	"    "		db	$A4, $00, $A7, $00
71E6 : 8D 6D EA 00 	" m  "		db	$8D, $6D, $EA, $00
71EA : E7 00 20 25 	"   %"		db	$E7, $00, $20, $25
71EE : 8D 2A 27 F6 	" *' "		db	$8D, $2A, $27, $F6
71F2 : 8D 61 25 1D 	" a% "		db	$8D, $61, $25, $1D
71F6 : 20 F8 8D 20 	"    "		db	$20, $F8, $8D, $20
71FA : 27 EC 8D 57 	"'  W"		db	$27, $EC, $8D, $57
71FE : 24 FA DE 9E 	"$   "		db	$24, $FA, $DE, $9E
7202 : 96 A0 D6 A1 	"    "		db	$96, $A0, $D6, $A1
7206 : 20 9F 8D 10 	"    "		db	$20, $9F, $8D, $10
720A : 17 AA 00 8D 	"    "		db	$17, $AA, $00, $8D
720E : A7 8D 44 24 	"  D$"		db	$A7, $8D, $44, $24
7212 : F7 96 A0 D6 	"    "		db	$F7, $96, $A0, $D6
7216 : A1 DE 9E 39 	"   9"		db	$A1, $DE, $9E, $39
721A : BD F2 2C 96 	"  , "		db	$BD, $F2, $2C, $96
721E : A2 BD F1 9C 	"    "		db	$A2, $BD, $F1, $9C
7222 : 17 A4 00 39 	"   9"		db	$17, $A4, $00, $39
7226 : 8D 04 96 A3 	"    "		db	$8D, $04, $96, $A3
722A : 20 F3 DF 9E 	"    "		db	$20, $F3, $DF, $9E
722E : 97 A0 D7 A1 	"    "		db	$97, $A0, $D7, $A1
7232 : FE E0 4F 16 	"  O "		db	$FE, $E0, $4F, $16
7236 : 58 C4 7F BD 	"X   "		db	$58, $C4, $7F, $BD
723A : EF 4D EE 00 	" M  "		db	$EF, $4D, $EE, $00
723E : DF A2 CE F1 	"    "		db	$DF, $A2, $CE, $F1
7242 : 34 49 49 49 	"4III"		db	$34, $49, $49, $49
7246 : 48 84 07 BD 	"H   "		db	$48, $84, $07, $BD
724A : EE FF EE 00 	"    "		db	$EE, $FF, $EE, $00
724E : D6 A3 D0 A2 	"    "		db	$D6, $A3, $D0, $A2
7252 : D7 9A 39 58 	"  9X"		db	$D7, $9A, $39, $58
7256 : 24 02 59 08 	"$ Y "		db	$24, $02, $59, $08
725A : 96 9A 80 01 	"    "		db	$96, $9A, $80, $01
725E : 97 9A 17 A4 	"    "		db	$97, $9A, $17, $A4
7262 : 00 39 54 24 	" 9T$"		db	$00, $39, $54, $24
7266 : F3 56 09 20 	" V  "		db	$F3, $56, $09, $20
726A : EF 8D B9 26 	"   &"		db	$EF, $8D, $B9, $26
726E : 06 8D F3 24 	"   $"		db	$06, $8D, $F3, $24
7272 : FA 20 9E 53 	"   S"		db	$FA, $20, $9E, $53
7276 : E4 00 E7 00 	"    "		db	$E4, $00, $E7, $00
727A : 20 97 8D 9C 	"    "		db	$20, $97, $8D, $9C
727E : DF 9C D7 9B 	"    "		db	$DF, $9C, $D7, $9B
7282 : 97 A4 8D CF 	"    "		db	$97, $A4, $8D, $CF
7286 : 25 04 8D 1A 	"%   "		db	$25, $04, $8D, $1A
728A : 20 F6 DE 9C 	"    "		db	$20, $F6, $DE, $9C
728E : D6 9B 8D 12 	"    "		db	$D6, $9B, $8D, $12
7292 : 20 38 8D 90 	" 8  "		db	$20, $38, $8D, $90
7296 : DF 9C D7 9B 	"    "		db	$DF, $9C, $D7, $9B
729A : 97 A4 8D C6 	"    "		db	$97, $A4, $8D, $C6
729E : 25 EC 8D 02 	"%   "		db	$25, $EC, $8D, $02
72A2 : 20 F6 36 17 	"  6 "		db	$20, $F6, $36, $17
72A6 : 43 A4 00 7D 	"C  }"		db	$43, $A4, $00, $7D
72AA : 00 A4 27 01 	"  ' "		db	$00, $A4, $27, $01
72AE : 1B A7 00 32 	"   2"		db	$1B, $A7, $00, $32
72B2 : 39 BD F2 26 	"9  &"		db	$39, $BD, $F2, $26
72B6 : 26 06 8D AA 	"&   "		db	$26, $06, $8D, $AA
72BA : 25 10 27 FA 	"% ' "		db	$25, $10, $27, $FA
72BE : 17 A8 00 A7 	"    "		db	$17, $A8, $00, $A7
72C2 : 00 BD F2 64 	"   d"		db	$00, $BD, $F2, $64
72C6 : 25 04 EA 00 	"%   "		db	$25, $04, $EA, $00
72CA : E7 00 7E F2 	"  ~ "		db	$E7, $00, $7E, $F2
72CE : 13 BD F2 1A 	"    "		db	$13, $BD, $F2, $1A
72D2 : 27 07 BD F2 	"'   "		db	$27, $07, $BD, $F2
72D6 : 55 24 F9 20 	"U$  "		db	$55, $24, $F9, $20
72DA : F1 0C 20 EE 	"    "		db	$F1, $0C, $20, $EE
72DE : BD F2 1A 26 	"   &"		db	$BD, $F2, $1A, $26
72E2 : F8 BD F2 55 	"   U"		db	$F8, $BD, $F2, $55
72E6 : 24 F9 20 E2 	"$   "		db	$24, $F9, $20, $E2
72EA : CE 00 61 20 	"  a "		db	$CE, $00, $61, $20
72EE : 0D CE 00 30 	"   0"		db	$0D, $CE, $00, $30
72F2 : 20 08 CE 00 	"    "		db	$20, $08, $CE, $00
72F6 : 28 20 03 CE 	"(   "		db	$28, $20, $03, $CE
72FA : 00 10 BD F1 	"    "		db	$00, $10, $BD, $F1
72FE : 9C E5 00 39 	"   9"		db	$9C, $E5, $00, $39
7302 : 84 3F BD F2 	" ?  "		db	$84, $3F, $BD, $F2
7306 : 1A 97 AA 17 	"    "		db	$1A, $97, $AA, $17
730A : 43 A4 18 9A 	"C   "		db	$43, $A4, $18, $9A
730E : AA A7 18 BD 	"    "		db	$AA, $A7, $18, $BD
7312 : F2 55 24 F1 	" U$ "		db	$F2, $55, $24, $F1
7316 : 20 B4 EF F3 	"    "		db	$20, $B4, $EF, $F3
731A : D3 F3 F4 F4 	"    "		db	$D3, $F3, $F4, $F4
731E : 36 F4 42 F4 	"6 B "		db	$36, $F4, $42, $F4
7322 : 4F F4 A1 F5 	"O   "		db	$4F, $F4, $A1, $F5
7326 : 40 F5 44 F5 	"@ D "		db	$40, $F5, $44, $F5
732A : 48 F5 58 F5 	"H X "		db	$48, $F5, $58, $F5
732E : 62 F5 6B F5 	"b k "		db	$62, $F5, $6B, $F5
7332 : 78 F5 7D F5 	"x } "		db	$78, $F5, $7D, $F5
7336 : 87 F5 87 F3 	"    "		db	$87, $F5, $87, $F3
733A : DB F3 B5 F3 	"    "		db	$DB, $F3, $B5, $F3
733E : AF EA 67 F3 	"  g "		db	$AF, $EA, $67, $F3
7342 : E2 F3 EA F3 	"    "		db	$E2, $F3, $EA, $F3
7346 : EF F2 08 F1 	"    "		db	$EF, $F2, $08, $F1
734A : A7 F1 EE F1 	"    "		db	$A7, $F1, $EE, $F1
734E : F8 F2 6B F2 	"  k "		db	$F8, $F2, $6B, $F2
7352 : 94 F2 7C F1 	"  | "		db	$94, $F2, $7C, $F1
7356 : C7 F1 3C F1 	"  < "		db	$C7, $F1, $3C, $F1
735A : 5B F1 70 F1 	"[ p "		db	$5B, $F1, $70, $F1
735E : 69 F1 7E F1 	"i ~ "		db	$69, $F1, $7E, $F1
7362 : 83 F1 88 EC 	"    "		db	$83, $F1, $88, $EC
7366 : 96 EC 05 EB 	"    "		db	$96, $EC, $05, $EB
736A : FE F4 AA F4 	"    "		db	$FE, $F4, $AA, $F4
736E : BF F4 CA F4 	"    "		db	$BF, $F4, $CA, $F4
7372 : D2 F4 EF F4 	"    "		db	$D2, $F4, $EF, $F4
7376 : F6 F4 FD F5 	"    "		db	$F6, $F4, $FD, $F5
737A : 27 F5 CD F5 	"'   "		db	$27, $F5, $CD, $F5
737E : CD F5 CD F5 	"    "		db	$CD, $F5, $CD, $F5
7382 : CD F5 4F F5 	"  O "		db	$CD, $F5, $4F, $F5
7386 : A4 F5 BC F5 	"    "		db	$A4, $F5, $BC, $F5
738A : 66 F6 53 F6 	"f S "		db	$66, $F6, $53, $F6
738E : 5A F4 95 F6 	"Z   "		db	$5A, $F4, $95, $F6
7392 : 36 F6 3B F6 	"6 ; "		db	$36, $F6, $3B, $F6
7396 : 47 F6 4E F6 	"G N "		db	$47, $F6, $4E, $F6
739A : 61 F6 66 F6 	"a f "		db	$61, $F6, $66, $F6
739E : 70 F6 6B F6 	"p k "		db	$70, $F6, $6B, $F6
73A2 : 72 F6 77 F6 	"r w "		db	$72, $F6, $77, $F6
73A6 : 7C F6 7F F6 	"|   "		db	$7C, $F6, $7F, $F6
73AA : 86 97 00 D7 	"    "		db	$86, $97, $00, $D7
73AE : 01 32 97 D1 	" 2  "		db	$01, $32, $97, $D1
73B2 : 32 97 D2 BD 	"2   "		db	$32, $97, $D2, $BD
73B6 : E0 A9 BD F4 	"    "		db	$E0, $A9, $BD, $F4
73BA : 95 16 54 54 	"  TT"		db	$95, $16, $54, $54
73BE : 54 C4 1E CE 	"T   "		db	$54, $C4, $1E, $CE
73C2 : F3 19 BD EF 	"    "		db	$F3, $19, $BD, $EF
73C6 : 4D EE 00 6E 	"M  n"		db	$4D, $EE, $00, $6E
73CA : 00 DF D1 97 	"    "		db	$00, $DF, $D1, $97
73CE : 00 D7 01 20 	"    "		db	$00, $D7, $01, $20
73D2 : E2 CE F3 39 	"   9"		db	$E2, $CE, $F3, $39
73D6 : BD F4 8E 6E 	"   n"		db	$BD, $F4, $8E, $6E
73DA : 00 DE D1 09 	"    "		db	$00, $DE, $D1, $09
73DE : DF D1 20 D3 	"    "		db	$DF, $D1, $20, $D3
73E2 : DE D1 96 00 	"    "		db	$DE, $D1, $96, $00
73E6 : D6 01 6E 00 	"  n "		db	$D6, $01, $6E, $00
73EA : BD F6 A5 20 	"    "		db	$BD, $F6, $A5, $20
73EE : C6 BD F6 D5 	"    "		db	$C6, $BD, $F6, $D5
73F2 : 20 C1 16 C4 	"    "		db	$20, $C1, $16, $C4
73F6 : 0F C0 08 25 	"   %"		db	$0F, $C0, $08, $25
73FA : 1D 58 CE F3 	" X  "		db	$1D, $58, $CE, $F3
73FE : 47 BD EF 4D 	"G  M"		db	$47, $BD, $EF, $4D
7402 : EE 00 16 58 	"   X"		db	$EE, $00, $16, $58
7406 : 58 C4 80 BD 	"X   "		db	$58, $C4, $80, $BD
740A : F4 95 36 84 	"  6 "		db	$F4, $95, $36, $84
740E : 7F 1B AD 00 	"    "		db	$7F, $1B, $AD, $00
7412 : 32 4D 2B F3 	"2M+ "		db	$32, $4D, $2B, $F3
7416 : 20 9D CE F3 	"    "		db	$20, $9D, $CE, $F3
741A : 57 16 84 03 	"W   "		db	$57, $16, $84, $03
741E : BD F4 8E C5 	"    "		db	$BD, $F4, $8E, $C5
7422 : 04 26 03 5F 	" & _"		db	$04, $26, $03, $5F
7426 : 20 E1 8D 6B 	"   k"		db	$20, $E1, $8D, $6B
742A : 16 BD F5 18 	"    "		db	$16, $BD, $F5, $18
742E : AD 00 5D 2B 	"  ]+"		db	$AD, $00, $5D, $2B
7432 : F5 7E F3 B5 	" ~  "		db	$F5, $7E, $F3, $B5
7436 : 16 C4 0F C0 	"    "		db	$16, $C4, $0F, $C0
743A : 08 24 BE CE 	" $  "		db	$08, $24, $BE, $CE
743E : F3 5F 20 D9 	" _  "		db	$F3, $5F, $20, $D9
7442 : 16 C4 0F 8D 	"    "		db	$16, $C4, $0F, $8D
7446 : 4E BD EB 23 	"N  #"		db	$4E, $BD, $EB, $23
744A : 5A 26 F8 20 	"Z&  "		db	$5A, $26, $F8, $20
744E : E4 84 0F 26 	"   &"		db	$E4, $84, $0F, $26
7452 : 08 BD F4 EA 	"    "		db	$08, $BD, $F4, $EA
7456 : BD EB FA 20 	"    "		db	$BD, $EB, $FA, $20
745A : D8 81 04 24 	"   $"		db	$D8, $81, $04, $24
745E : 0C CE F3 63 	"   c"		db	$0C, $CE, $F3, $63
7462 : BD F4 8E 8D 	"    "		db	$BD, $F4, $8E, $8D
7466 : 2E AD 00 20 	".   "		db	$2E, $AD, $00, $20
746A : C8 16 C0 02 	"    "		db	$C8, $16, $C0, $02
746E : CE 11 30 8D 	"  0 "		db	$CE, $11, $30, $8D
7472 : 22 A7 00 08 	""   "		db	$22, $A7, $00, $08
7476 : 5A 26 F8 86 	"Z&  "		db	$5A, $26, $F8, $86
747A : 7E A7 00 86 	"~   "		db	$7E, $A7, $00, $86
747E : F3 A7 01 86 	"    "		db	$F3, $A7, $01, $86
7482 : CD A7 02 96 	"    "		db	$CD, $A7, $02, $96
7486 : 00 D6 01 7E 	"   ~"		db	$00, $D6, $01, $7E
748A : 11 30 84 0F 	" 0  "		db	$11, $30, $84, $0F
748E : 48 BD EE FF 	"H   "		db	$48, $BD, $EE, $FF
7492 : EE 00 39 DF 	"  9 "		db	$EE, $00, $39, $DF
7496 : 9A DE D1 A6 	"    "		db	$9A, $DE, $D1, $A6
749A : 00 08 DF D1 	"    "		db	$00, $08, $DF, $D1
749E : DE 9A 39 CE 	"  9 "		db	$DE, $9A, $39, $CE
74A2 : F3 6B 16 BD 	" k  "		db	$F3, $6B, $16, $BD
74A6 : F4 8C 6E 00 	"  n "		db	$F4, $8C, $6E, $00
74AA : 8D E9 16 8D 	"    "		db	$8D, $E9, $16, $8D
74AE : 69 97 9E 54 	"i  T"		db	$69, $97, $9E, $54
74B2 : 54 54 54 17 	"TTT "		db	$54, $54, $54, $17
74B6 : 8D 60 9B 9E 	" `  "		db	$8D, $60, $9B, $9E
74BA : 8D 4D 7E F3 	" M~ "		db	$8D, $4D, $7E, $F3
74BE : B5 8D D4 16 	"    "		db	$B5, $8D, $D4, $16
74C2 : 8D 54 54 54 	" TTT"		db	$8D, $54, $54, $54
74C6 : 54 54 20 F0 	"TT  "		db	$54, $54, $20, $F0
74CA : 8D C9 DE B1 	"    "		db	$8D, $C9, $DE, $B1
74CE : A7 0D 20 EA 	"    "		db	$A7, $0D, $20, $EA
74D2 : 8D C1 97 B7 	"    "		db	$8D, $C1, $97, $B7
74D6 : DE D1 96 00 	"    "		db	$DE, $D1, $96, $00
74DA : D6 01 BD EA 	"    "		db	$D6, $01, $BD, $EA
74DE : 24 7E F3 CB 	"$~  "		db	$24, $7E, $F3, $CB
74E2 : 8D 06 D7 9A 	"    "		db	$8D, $06, $D7, $9A
74E6 : 97 9B 20 B4 	"    "		db	$97, $9B, $20, $B4
74EA : 8D A9 16 20 	"    "		db	$8D, $A9, $16, $20
74EE : A6 8D F9 BD 	"    "		db	$A6, $8D, $F9, $BD
74F2 : EA F3 20 C6 	"    "		db	$EA, $F3, $20, $C6
74F6 : 8D F2 BD EA 	"    "		db	$8D, $F2, $BD, $EA
74FA : FB 20 BF 8D 	"    "		db	$FB, $20, $BF, $8D
74FE : E3 96 D2 36 	"   6"		db	$E3, $96, $D2, $36
7502 : 96 D1 36 DF 	"  6 "		db	$96, $D1, $36, $DF
7506 : D1 20 B3 DF 	"    "		db	$D1, $20, $B3, $DF
750A : 9A C4 0F D7 	"    "		db	$9A, $C4, $0F, $D7
750E : 9D 7F 00 9C 	"    "		db	$9D, $7F, $00, $9C
7512 : DE 9C A7 00 	"    "		db	$DE, $9C, $A7, $00
7516 : 20 86 DF 9A 	"    "		db	$20, $86, $DF, $9A
751A : 84 0F 97 9D 	"    "		db	$84, $0F, $97, $9D
751E : 7F 00 9C DE 	"    "		db	$7F, $00, $9C, $DE
7522 : 9C A6 00 20 	"    "		db	$9C, $A6, $00, $20
7526 : EF 8D B9 96 	"    "		db	$EF, $8D, $B9, $96
752A : D2 36 96 D1 	" 6  "		db	$D2, $36, $96, $D1
752E : 36 96 00 D6 	"6   "		db	$36, $96, $00, $D6
7532 : 01 AD 00 97 	"    "		db	$01, $AD, $00, $97
7536 : 00 32 97 D1 	" 2  "		db	$00, $32, $97, $D1
753A : 32 97 D2 7E 	"2  ~"		db	$32, $97, $D2, $7E
753E : F3 CF 8D D6 	"    "		db	$F3, $CF, $8D, $D6
7542 : 20 90 84 0F 	"    "		db	$20, $90, $84, $0F
7546 : 20 8C 8D 44 	"   D"		db	$20, $8C, $8D, $44
754A : DF D1 7E F3 	"  ~ "		db	$DF, $D1, $7E, $F3
754E : B5 BD F4 E2 	"    "		db	$B5, $BD, $F4, $E2
7552 : 96 00 D6 01 	"    "		db	$96, $00, $D6, $01
7556 : 6E 00 8D 34 	"n  4"		db	$6E, $00, $8D, $34
755A : D6 D2 37 D6 	"  7 "		db	$D6, $D2, $37, $D6
755E : D1 37 20 E8 	" 7  "		db	$D1, $37, $20, $E8
7562 : 8D 2A 20 C3 	" *  "		db	$8D, $2A, $20, $C3
7566 : BD F4 E2 20 	"    "		db	$BD, $F4, $E2, $20
756A : DF 16 8D AA 	"    "		db	$DF, $16, $8D, $AA
756E : 97 9C 8D 58 	"   X"		db	$97, $9C, $8D, $58
7572 : 9B 9C 8D 93 	"    "		db	$9B, $9C, $8D, $93
7576 : 20 D4 16 8D 	"    "		db	$20, $D4, $16, $8D
757A : 4F 20 F7 84 	"O   "		db	$4F, $20, $F7, $84
757E : 0F 16 8D 48 	"   H"		db	$0F, $16, $8D, $48
7582 : BD ED 03 20 	"    "		db	$BD, $ED, $03, $20
7586 : C5 84 1F BD 	"    "		db	$C5, $84, $1F, $BD
758A : EC FC 20 BE 	"    "		db	$EC, $FC, $20, $BE
758E : 84 0F 85 08 	"    "		db	$84, $0F, $85, $08
7592 : 27 02 8A F0 	"'   "		db	$27, $02, $8A, $F0
7596 : 16 8D 31 9B 	"  1 "		db	$16, $8D, $31, $9B
759A : D2 97 9B D9 	"    "		db	$D2, $97, $9B, $D9
759E : D1 D7 9A DE 	"    "		db	$D1, $D7, $9A, $DE
75A2 : 9A 39 8D 0A 	" 9  "		db	$9A, $39, $8D, $0A
75A6 : EA 00 E7 00 	"    "		db	$EA, $00, $E7, $00
75AA : 96 A8 2B F6 	"  + "		db	$96, $A8, $2B, $F6
75AE : 20 17 8D 18 	"    "		db	$20, $17, $8D, $18
75B2 : 97 A8 84 3F 	"   ?"		db	$97, $A8, $84, $3F
75B6 : CE 00 61 7E 	"  a~"		db	$CE, $00, $61, $7E
75BA : F1 9C 8D F2 	"    "		db	$F1, $9C, $8D, $F2
75BE : 53 E4 00 E7 	"S   "		db	$53, $E4, $00, $E7
75C2 : 00 96 A8 2B 	"   +"		db	$00, $96, $A8, $2B
75C6 : F5 7E F3 B5 	" ~  "		db	$F5, $7E, $F3, $B5
75CA : 7E F4 95 37 	"~  7"		db	$7E, $F4, $95, $37
75CE : 8D 28 BD F6 	" (  "		db	$8D, $28, $BD, $F6
75D2 : 92 33 1B 36 	" 3 6"		db	$92, $33, $1B, $36
75D6 : C5 02 26 05 	"  & "		db	$C5, $02, $26, $05
75DA : BD F4 E2 20 	"    "		db	$BD, $F4, $E2, $20
75DE : 12 8D E9 C6 	"    "		db	$12, $8D, $E9, $C6
75E2 : FF 81 80 C9 	"    "		db	$FF, $81, $80, $C9
75E6 : 00 9B D2 D9 	"    "		db	$00, $9B, $D2, $D9
75EA : D1 97 9B D7 	"    "		db	$D1, $97, $9B, $D7
75EE : 9A DE 9A 32 	"   2"		db	$9A, $DE, $9A, $32
75F2 : 46 24 D2 7E 	"F$ ~"		db	$46, $24, $D2, $7E
75F6 : F5 05 8D D0 	"    "		db	$F5, $05, $8D, $D0
75FA : 81 D0 25 3C 	"  %<"		db	$81, $D0, $25, $3C
75FE : 81 F0 24 13 	"  $ "		db	$81, $F0, $24, $13
7602 : 81 E0 25 03 	"  % "		db	$81, $E0, $25, $03
7606 : 7E F5 18 CE 	"~   "		db	$7E, $F5, $18, $CE
760A : 01 93 84 0F 	"    "		db	$01, $93, $84, $0F
760E : 48 BD EE FF 	"H   "		db	$48, $BD, $EE, $FF
7612 : 7E EF 53 81 	"~ S "		db	$7E, $EF, $53, $81
7616 : F3 25 13 36 	" % 6"		db	$F3, $25, $13, $36
761A : 8D DC 16 D7 	"    "		db	$8D, $DC, $16, $D7
761E : 9A 32 81 F9 	" 2  "		db	$9A, $32, $81, $F9
7622 : 25 08 36 37 	"% 67"		db	$25, $08, $36, $37
7626 : 8D D0 97 9A 	"    "		db	$8D, $D0, $97, $9A
762A : 33 32 CE F3 	"32  "		db	$33, $32, $CE, $F3
762E : 8B BD F4 8C 	"    "		db	$8B, $BD, $F4, $8C
7632 : 96 9A 6E 00 	"  n "		db	$96, $9A, $6E, $00
7636 : 8D 5A 88 01 	" Z  "		db	$8D, $5A, $88, $01
763A : 39 BD F2 F9 	"9   "		db	$39, $BD, $F2, $F9
763E : 26 1E BD F2 	"&   "		db	$26, $1E, $BD, $F2
7642 : EF 26 19 20 	" &  "		db	$EF, $26, $19, $20
7646 : 10 BD F2 DE 	"    "		db	$10, $BD, $F2, $DE
764A : 25 12 20 09 	"%   "		db	$25, $12, $20, $09
764E : BD F2 CF 20 	"    "		db	$BD, $F2, $CF, $20
7652 : F7 96 C8 26 	"   &"		db	$F7, $96, $C8, $26
7656 : 07 86 80 39 	"   9"		db	$07, $86, $80, $39
765A : 96 C9 27 F9 	"  ' "		db	$96, $C9, $27, $F9
765E : 86 81 39 BD 	"  9 "		db	$86, $81, $39, $BD
7662 : F2 F4 20 DD 	"    "		db	$F2, $F4, $20, $DD
7666 : BD F2 EA 20 	"    "		db	$BD, $F2, $EA, $20
766A : D8 8D 1E 94 	"    "		db	$D8, $8D, $1E, $94
766E : 9A 39 1B 39 	" 9 9"		db	$9A, $39, $1B, $39
7672 : 8D 17 9A 9A 	"    "		db	$8D, $17, $9A, $9A
7676 : 39 11 27 E4 	"9 ' "		db	$39, $11, $27, $E4
767A : 20 DB 11 20 	"    "		db	$20, $DB, $11, $20
767E : CB BD EB 00 	"    "		db	$CB, $BD, $EB, $00
7682 : 24 DA 20 D1 	"$   "		db	$24, $DA, $20, $D1
7686 : D7 9A 94 9A 	"    "		db	$D7, $9A, $94, $9A
768A : 39 36 17 8D 	"96  "		db	$39, $36, $17, $8D
768E : 03 97 9A 32 	"   2"		db	$03, $97, $9A, $32
7692 : 4D 2B F5 BD 	"M+  "		db	$4D, $2B, $F5, $BD
7696 : F2 F9 27 BD 	"  ' "		db	$F2, $F9, $27, $BD
769A : 81 40 24 C0 	" @$ "		db	$81, $40, $24, $C0
769E : BD F2 EF 26 	"   &"		db	$BD, $F2, $EF, $26
76A2 : B4 20 B9 36 	"   6"		db	$B4, $20, $B9, $36
76A6 : B6 01 8E 84 	"    "		db	$B6, $01, $8E, $84
76AA : 0F 27 0B 46 	" ' F"		db	$0F, $27, $0B, $46
76AE : 25 26 B6 E0 	"%&  "		db	$25, $26, $B6, $E0
76B2 : 56 BD EB FE 	"V   "		db	$56, $BD, $EB, $FE
76B6 : 32 39 DF DC 	"29  "		db	$32, $39, $DF, $DC
76BA : CE 01 12 20 	"    "		db	$CE, $01, $12, $20
76BE : 0C 36 B6 01 	" 6  "		db	$0C, $36, $B6, $01
76C2 : 90 46 25 10 	" F% "		db	$90, $46, $25, $10
76C6 : DF DC CE 01 	"    "		db	$DF, $DC, $CE, $01
76CA : 16 BD F7 7F 	"    "		db	$16, $BD, $F7, $7F
76CE : BD E0 A7 86 	"    "		db	$BD, $E0, $A7, $86
76D2 : 01 20 2C 36 	"  ,6"		db	$01, $20, $2C, $36
76D6 : DF DA CE 01 	"    "		db	$DF, $DA, $CE, $01
76DA : A9 BD EF 53 	"   S"		db	$A9, $BD, $EF, $53
76DE : 91 D0 23 18 	"  # "		db	$91, $D0, $23, $18
76E2 : BD E0 A5 B6 	"    "		db	$BD, $E0, $A5, $B6
76E6 : E0 5F BD F1 	" _  "		db	$E0, $5F, $BD, $F1
76EA : 3C B6 E0 60 	"<  `"		db	$3C, $B6, $E0, $60
76EE : BD F1 3C 7C 	"  <|"		db	$BD, $F1, $3C, $7C
76F2 : 00 D0 CE 01 	"    "		db	$00, $D0, $CE, $01
76F6 : 22 BD F7 7F 	""   "		db	$22, $BD, $F7, $7F
76FA : DE DA 32 39 	"  29"		db	$DE, $DA, $32, $39
76FE : DF DC 36 37 	"  67"		db	$DF, $DC, $36, $37
7702 : 8D 45 24 22 	" E$""		db	$8D, $45, $24, $22
7706 : BD EF 63 09 	"  c "		db	$BD, $EF, $63, $09
770A : 09 1B 19 24 	"   $"		db	$09, $1B, $19, $24
770E : 02 86 99 BD 	"    "		db	$02, $86, $99, $BD
7712 : EF AF D1 5A 	"   Z"		db	$EF, $AF, $D1, $5A
7716 : 26 0E C6 0E 	"&   "		db	$26, $0E, $C6, $0E
771A : D7 AA CE F7 	"    "		db	$D7, $AA, $CE, $F7
771E : 5F BD EA 78 	"_  x"		db	$5F, $BD, $EA, $78
7722 : 24 02 97 5A 	"$  Z"		db	$24, $02, $97, $5A
7726 : 8D 04 DE DC 	"    "		db	$8D, $04, $DE, $DC
772A : 20 30 36 BD 	" 06 "		db	$20, $30, $36, $BD
772E : F7 49 86 EF 	" I  "		db	$F7, $49, $86, $EF
7732 : 25 02 86 0F 	"%   "		db	$25, $02, $86, $0F
7736 : BD EB 23 B6 	"  # "		db	$BD, $EB, $23, $B6
773A : E0 61 BD F1 	" a  "		db	$E0, $61, $BD, $F1
773E : 5B BD EF 63 	"[  c"		db	$5B, $BD, $EF, $63
7742 : 27 03 BD F1 	"'   "		db	$27, $03, $BD, $F1
7746 : 3C 32 39 36 	"<296"		db	$3C, $32, $39, $36
774A : 37 CE 01 AB 	"7   "		db	$37, $CE, $01, $AB
774E : BD EF 63 CE 	"  c "		db	$BD, $EF, $63, $CE
7752 : 01 6E 5D 0D 	" n] "		db	$01, $6E, $5D, $0D
7756 : 27 04 BD FE 	"'   "		db	$27, $04, $BD, $FE
775A : 1F 11 33 32 	"  32"		db	$1F, $11, $33, $32
775E : 39 CE 01 6E 	"9  n"		db	$39, $CE, $01, $6E
7762 : BD EF 63 D1 	"  c "		db	$BD, $EF, $63, $D1
7766 : 5A 27 13 96 	"Z'  "		db	$5A, $27, $13, $96
776A : 5A 8B 01 19 	"Z   "		db	$5A, $8B, $01, $19
776E : 97 5A FE E0 	" Z  "		db	$97, $5A, $FE, $E0
7772 : B7 11 27 04 	"  ' "		db	$B7, $11, $27, $04
7776 : AD 00 20 E5 	"    "		db	$AD, $00, $20, $E5
777A : AD 00 7E EA 	"  ~ "		db	$AD, $00, $7E, $EA
777E : 67 36 86 01 	"g6  "		db	$67, $36, $86, $01
7782 : 20 01 36 37 	"  67"		db	$20, $01, $36, $37
7786 : DF 9A BD EF 	"    "		db	$DF, $9A, $BD, $EF
778A : 63 37 BD EF 	"c7  "		db	$63, $37, $BD, $EF
778E : 63 1B 19 16 	"c   "		db	$63, $1B, $19, $16
7792 : 32 89 00 19 	"2   "		db	$32, $89, $00, $19
7796 : DE 9A BD EF 	"    "		db	$DE, $9A, $BD, $EF
779A : AF BD EF 69 	"   i"		db	$AF, $BD, $EF, $69
779E : DE 9A 20 BA 	"    "		db	$DE, $9A, $20, $BA
77A2 : 90 03 7E EA 	"  ~ "		db	$90, $03, $7E, $EA
77A6 : 67 52 0E 53 	"gR S"		db	$67, $52, $0E, $53
77AA : 20 04 43 8B 	"  C "		db	$20, $04, $43, $8B
77AE : 06 48 16 58 	" H X"		db	$06, $48, $16, $58
77B2 : CE 01 02 BD 	"    "		db	$CE, $01, $02, $BD
77B6 : EF 4D BD F7 	" M  "		db	$EF, $4D, $BD, $F7
77BA : 7F CE 01 AF 	"    "		db	$7F, $CE, $01, $AF
77BE : BD EE FF BD 	"    "		db	$BD, $EE, $FF, $BD
77C2 : EF 63 8D 6E 	" c n"		db	$EF, $63, $8D, $6E
77C6 : CE 01 62 8D 	"  b "		db	$CE, $01, $62, $8D
77CA : 44 8D 42 CE 	"D B "		db	$44, $8D, $42, $CE
77CE : 01 B9 BD EF 	"    "		db	$01, $B9, $BD, $EF
77D2 : 63 11 25 33 	"c %3"		db	$63, $11, $25, $33
77D6 : CE 01 B5 BD 	"    "		db	$CE, $01, $B5, $BD
77DA : EF 63 8D 56 	" c V"		db	$EF, $63, $8D, $56
77DE : 8D 36 97 9A 	" 6  "		db	$8D, $36, $97, $9A
77E2 : CE 01 64 BD 	"  d "		db	$CE, $01, $64, $BD
77E6 : EF 69 CE 01 	" i  "		db	$EF, $69, $CE, $01
77EA : B7 BD EF 63 	"   c"		db	$B7, $BD, $EF, $63
77EE : CE 01 62 BD 	"  b "		db	$CE, $01, $62, $BD
77F2 : EF 53 8D 3E 	" S >"		db	$EF, $53, $8D, $3E
77F6 : 8D 1E 4D 27 	"  M'"		db	$8D, $1E, $4D, $27
77FA : 02 8D 2C 9B 	"  , "		db	$02, $8D, $2C, $9B
77FE : 9A 19 CE 01 	"    "		db	$9A, $19, $CE, $01
7802 : 0E BD F7 84 	"    "		db	$0E, $BD, $F7, $84
7806 : 7E F6 FE B6 	"~   "		db	$7E, $F6, $FE, $B6
780A : E0 5E 7E EC 	" ^~ "		db	$E0, $5E, $7E, $EC
780E : FC BD FE 1F 	"    "		db	$FC, $BD, $FE, $1F
7812 : 1B 7E EF AF 	" ~  "		db	$1B, $7E, $EF, $AF
7816 : D7 9D 27 0D 	"  ' "		db	$D7, $9D, $27, $0D
781A : 16 86 99 8B 	"    "		db	$16, $86, $99, $8B
781E : 01 19 D0 9D 	"    "		db	$01, $19, $D0, $9D
7822 : 24 F9 DB 9D 	"$   "		db	$24, $F9, $DB, $9D
7826 : 39 17 39 CE 	"9 9 "		db	$39, $17, $39, $CE
782A : 00 00 FF 01 	"    "		db	$00, $00, $FF, $01
782E : 64 FF 01 62 	"d  b"		db	$64, $FF, $01, $62
7832 : 39 42 36 17 	"9B6 "		db	$39, $42, $36, $17
7836 : 5F 4D 27 5E 	"_M'^"		db	$5F, $4D, $27, $5E
783A : 8B 99 19 5C 	"   \"		db	$8B, $99, $19, $5C
783E : 20 F7 A7 00 	"    "		db	$20, $F7, $A7, $00
7842 : 08 5A 26 FA 	" Z& "		db	$08, $5A, $26, $FA
7846 : 39 FE E0 B9 	"9   "		db	$39, $FE, $E0, $B9
784A : AD 00 BD F9 	"    "		db	$AD, $00, $BD, $F9
784E : 94 8D 49 8D 	"  I "		db	$94, $8D, $49, $8D
7852 : 25 8D 03 7E 	"%  ~"		db	$25, $8D, $03, $7E
7856 : F8 D2 BD E0 	"    "		db	$F8, $D2, $BD, $E0
785A : AD 7C 00 CC 	" |  "		db	$AD, $7C, $00, $CC
785E : D6 CC 8D 4B 	"   K"		db	$D6, $CC, $8D, $4B
7862 : CE E0 57 BD 	"  W "		db	$CE, $E0, $57, $BD
7866 : EF 4D A6 00 	" M  "		db	$EF, $4D, $A6, $00
786A : BD EC FC 58 	"   X"		db	$BD, $EC, $FC, $58
786E : 58 CE 00 38 	"X  8"		db	$58, $CE, $00, $38
7872 : BD EF 4D 6F 	"  Mo"		db	$BD, $EF, $4D, $6F
7876 : 03 39 4F 97 	" 9O "		db	$03, $39, $4F, $97
787A : D6 97 D0 97 	"    "		db	$D6, $97, $D0, $97
787E : CD 97 C9 97 	"    "		db	$CD, $97, $C9, $97
7882 : 60 C6 08 BD 	"`   "		db	$60, $C6, $08, $BD
7886 : EA FB 4A 97 	"  J "		db	$EA, $FB, $4A, $97
788A : CC 86 F1 97 	"    "		db	$CC, $86, $F1, $97
788E : 58 C6 0C CE 	"X   "		db	$58, $C6, $0C, $CE
7892 : 00 1C 36 4F 	"  6O"		db	$00, $1C, $36, $4F
7896 : 8D A8 32 39 	"  29"		db	$8D, $A8, $32, $39
789A : 86 FF C6 10 	"    "		db	$86, $FF, $C6, $10
789E : CE 00 38 8D 	"  8 "		db	$CE, $00, $38, $8D
78A2 : 9D 4F 97 5C 	" O \"		db	$9D, $4F, $97, $5C
78A6 : 97 5D 97 5E 	" ] ^"		db	$97, $5D, $97, $5E
78AA : 97 5F 39 36 	" _96"		db	$97, $5F, $39, $36
78AE : 37 8D 0B 8D 	"7   "		db	$37, $8D, $0B, $8D
78B2 : 15 DE 9A C6 	"    "		db	$15, $DE, $9A, $C6
78B6 : 06 8D DB 33 	"   3"		db	$06, $8D, $DB, $33
78BA : 32 39 86 1A 	"29  "		db	$32, $39, $86, $1A
78BE : CE 11 26 BD 	"  & "		db	$CE, $11, $26, $BD
78C2 : EE FF 5A 2A 	"  Z*"		db	$EE, $FF, $5A, $2A
78C6 : FA 39 DF 9A 	" 9  "		db	$FA, $39, $DF, $9A
78CA : CE E0 77 C6 	"  w "		db	$CE, $E0, $77, $C6
78CE : 14 7E EF BC 	" ~  "		db	$14, $7E, $EF, $BC
78D2 : 8D 5F D6 CD 	" _  "		db	$8D, $5F, $D6, $CD
78D6 : 8D 7A FE E0 	" z  "		db	$8D, $7A, $FE, $E0
78DA : BB AD 00 BD 	"    "		db	$BB, $AD, $00, $BD
78DE : EA 2F 05 8D 	" /  "		db	$EA, $2F, $05, $8D
78E2 : 36 43 94 60 	"6C `"		db	$36, $43, $94, $60
78E6 : 97 60 8D 3C 	" ` <"		db	$97, $60, $8D, $3C
78EA : DE B1 86 07 	"    "		db	$DE, $B1, $86, $07
78EE : A7 0D CE 00 	"    "		db	$A7, $0D, $CE, $00
78F2 : 5C BD EF 4D 	"\  M"		db	$5C, $BD, $EF, $4D
78F6 : A6 00 8A 7F 	"    "		db	$A6, $00, $8A, $7F
78FA : A7 00 BD EA 	"    "		db	$A7, $00, $BD, $EA
78FE : 2F 05 BD E0 	"/   "		db	$2F, $05, $BD, $E0
7902 : AB A6 00 84 	"    "		db	$AB, $A6, $00, $84
7906 : 80 A7 00 BD 	"    "		db	$80, $A7, $00, $BD
790A : EB A1 DE B1 	"    "		db	$EB, $A1, $DE, $B1
790E : 86 04 A7 0D 	"    "		db	$86, $04, $A7, $0D
7912 : 96 D6 27 C7 	"  ' "		db	$96, $D6, $27, $C7
7916 : 7E EA 67 D6 	"~ g "		db	$7E, $EA, $67, $D6
791A : CD CE EB 99 	"    "		db	$CD, $CE, $EB, $99
791E : BD EF 4D A6 	"  M "		db	$BD, $EF, $4D, $A6
7922 : 00 AA 04 39 	"   9"		db	$00, $AA, $04, $39
7926 : DE CE 86 FF 	"    "		db	$DE, $CE, $86, $FF
792A : A7 10 A7 11 	"    "		db	$A7, $10, $A7, $11
792E : A7 12 A7 13 	"    "		db	$A7, $12, $A7, $13
7932 : 39 96 61 84 	"9 a "		db	$39, $96, $61, $84
7936 : FC 97 61 4F 	"  aO"		db	$FC, $97, $61, $4F
793A : 97 C8 97 D3 	"    "		db	$97, $C8, $97, $D3
793E : 97 CA 86 18 	"    "		db	$97, $CA, $86, $18
7942 : BD EB 23 96 	"  # "		db	$BD, $EB, $23, $96
7946 : CD 48 48 CE 	" HH "		db	$CD, $48, $48, $CE
794A : 00 38 BD EE 	" 8  "		db	$00, $38, $BD, $EE
794E : FF DF CE 39 	"   9"		db	$FF, $DF, $CE, $39
7952 : CE 00 10 DF 	"    "		db	$CE, $00, $10, $DF
7956 : 9A BD F8 BC 	"    "		db	$9A, $BD, $F8, $BC
795A : DF 9C CE E0 	"    "		db	$DF, $9C, $CE, $E0
795E : 77 A6 14 16 	"w   "		db	$77, $A6, $14, $16
7962 : 53 E4 00 08 	"S   "		db	$53, $E4, $00, $08
7966 : DF 9E DE 9C 	"    "		db	$DF, $9E, $DE, $9C
796A : A4 00 08 DF 	"    "		db	$A4, $00, $08, $DF
796E : 9C 1B DE 9A 	"    "		db	$9C, $1B, $DE, $9A
7972 : A7 00 08 8C 	"    "		db	$A7, $00, $08, $8C
7976 : 00 1C 26 03 	"  & "		db	$00, $1C, $26, $03
797A : CE 00 30 DF 	"  0 "		db	$CE, $00, $30, $DF
797E : 9A DE 9E 8C 	"    "		db	$9A, $DE, $9E, $8C
7982 : E0 8B 26 D9 	"  & "		db	$E0, $8B, $26, $D9
7986 : CE 00 02 DF 	"    "		db	$CE, $00, $02, $DF
798A : 9A DE 9C C6 	"    "		db	$9A, $DE, $9C, $C6
798E : 06 8D 52 7E 	"  R~"		db	$06, $8D, $52, $7E
7992 : F7 2C CE 11 	" ,  "		db	$F7, $2C, $CE, $11
7996 : 28 86 0F E6 	"(   "		db	$28, $86, $0F, $E6
799A : 00 27 07 BD 	" '  "		db	$00, $27, $07, $BD
799E : EC 05 6A 00 	"  j "		db	$EC, $05, $6A, $00
79A2 : 26 F9 08 4A 	"&  J"		db	$26, $F9, $08, $4A
79A6 : 85 08 26 EF 	"  & "		db	$85, $08, $26, $EF
79AA : 39 8D E7 BD 	"9   "		db	$39, $8D, $E7, $BD
79AE : F3 AB 71 5A 	"  qZ"		db	$F3, $AB, $71, $5A
79B2 : FE 01 01 FA 	"    "		db	$FE, $01, $01, $FA
79B6 : 55 0A 00 04 	"U   "		db	$55, $0A, $00, $04
79BA : FE E0 BD AD 	"    "		db	$FE, $E0, $BD, $AD
79BE : 00 7F 00 D6 	"    "		db	$00, $7F, $00, $D6
79C2 : D6 CD 8D 05 	"    "		db	$D6, $CD, $8D, $05
79C6 : 8D 1E 7E F8 	"  ~ "		db	$8D, $1E, $7E, $F8
79CA : D2 BD F8 BC 	"    "		db	$D2, $BD, $F8, $BC
79CE : DF 9A CE 00 	"    "		db	$DF, $9A, $CE, $00
79D2 : 10 C6 0C 8D 	"    "		db	$10, $C6, $0C, $8D
79D6 : 0C CE 00 30 	"   0"		db	$0C, $CE, $00, $30
79DA : C6 08 8D 05 	"    "		db	$C6, $08, $8D, $05
79DE : CE 00 02 C6 	"    "		db	$CE, $00, $02, $C6
79E2 : 06 7E EF BC 	" ~  "		db	$06, $7E, $EF, $BC
79E6 : 96 CA 27 20 	"  ' "		db	$96, $CA, $27, $20
79EA : CE 01 2A BD 	"  * "		db	$CE, $01, $2A, $BD
79EE : F7 7F 96 D0 	"    "		db	$F7, $7F, $96, $D0
79F2 : 26 16 96 CD 	"&   "		db	$26, $16, $96, $CD
79F6 : 91 CC 4C 25 	"  L%"		db	$91, $CC, $4C, $25
79FA : 0D B6 01 94 	"    "		db	$0D, $B6, $01, $94
79FE : 98 58 84 0F 	" X  "		db	$98, $58, $84, $0F
7A02 : 27 1A 7C 00 	"' | "		db	$27, $1A, $7C, $00
7A06 : 58 4F 97 CD 	"XO  "		db	$58, $4F, $97, $CD
7A0A : 39 CE 00 48 	"9  H"		db	$39, $CE, $00, $48
7A0E : DF 9A 86 04 	"    "		db	$DF, $9A, $86, $04
7A12 : C6 04 CE 01 	"    "		db	$C6, $04, $CE, $01
7A16 : 66 BD FF D1 	"f   "		db	$66, $BD, $FF, $D1
7A1A : 4A 26 F5 39 	"J& 9"		db	$4A, $26, $F5, $39
7A1E : BD E0 AF CE 	"    "		db	$BD, $E0, $AF, $CE
7A22 : 00 30 C6 08 	" 0  "		db	$00, $30, $C6, $08
7A26 : BD F8 94 8D 	"    "		db	$BD, $F8, $94, $8D
7A2A : 67 BD FB 39 	"g  9"		db	$67, $BD, $FB, $39
7A2E : B6 E0 5D BD 	"  ] "		db	$B6, $E0, $5D, $BD
7A32 : EC FC B6 E0 	"    "		db	$EC, $FC, $B6, $E0
7A36 : 65 F6 E0 64 	"e  d"		db	$65, $F6, $E0, $64
7A3A : BD F3 AB 31 	"   1"		db	$BD, $F3, $AB, $31
7A3E : F8 17 00 15 	"    "		db	$F8, $17, $00, $15
7A42 : 01 04 7C 00 	"  | "		db	$01, $04, $7C, $00
7A46 : C9 FE E0 67 	"   g"		db	$C9, $FE, $E0, $67
7A4A : BD EA C4 CE 	"    "		db	$BD, $EA, $C4, $CE
7A4E : 01 81 BD EF 	"    "		db	$01, $81, $BD, $EF
7A52 : 53 26 03 7E 	"S& ~"		db	$53, $26, $03, $7E
7A56 : EA 67 4F BD 	" gO "		db	$EA, $67, $4F, $BD
7A5A : F8 A4 B6 E0 	"    "		db	$F8, $A4, $B6, $E0
7A5E : 62 BD F1 5B 	"b  ["		db	$62, $BD, $F1, $5B
7A62 : BD EA 2F 90 	"  / "		db	$BD, $EA, $2F, $90
7A66 : 8D A3 D6 60 	"   `"		db	$8D, $A3, $D6, $60
7A6A : 43 7D 00 48 	"C} H"		db	$43, $7D, $00, $48
7A6E : 26 0A 97 48 	"&  H"		db	$26, $0A, $97, $48
7A72 : 97 4C 97 50 	" L P"		db	$97, $4C, $97, $50
7A76 : 97 54 86 33 	" T 3"		db	$97, $54, $86, $33
7A7A : 97 60 86 7F 	" `  "		db	$97, $60, $86, $7F
7A7E : BD F8 A4 B6 	"    "		db	$BD, $F8, $A4, $B6
7A82 : E0 62 BD F1 	" b  "		db	$E0, $62, $BD, $F1
7A86 : 69 BD EA 2F 	"i  /"		db	$69, $BD, $EA, $2F
7A8A : 70 BD E0 B1 	"p   "		db	$70, $BD, $E0, $B1
7A8E : D7 60 20 C6 	" `  "		db	$D7, $60, $20, $C6
7A92 : CE 01 81 BD 	"    "		db	$CE, $01, $81, $BD
7A96 : EF 53 27 5A 	" S'Z"		db	$EF, $53, $27, $5A
7A9A : 7F 00 A1 C6 	"    "		db	$7F, $00, $A1, $C6
7A9E : 04 D7 A0 CE 	"    "		db	$04, $D7, $A0, $CE
7AA2 : 00 35 DF A4 	" 5  "		db	$00, $35, $DF, $A4
7AA6 : C6 04 D7 A8 	"    "		db	$C6, $04, $D7, $A8
7AAA : CE 01 66 BD 	"  f "		db	$CE, $01, $66, $BD
7AAE : EF 63 DF A6 	" c  "		db	$EF, $63, $DF, $A6
7AB2 : DE A4 BD EC 	"    "		db	$DE, $A4, $BD, $EC
7AB6 : 86 11 22 3B 	"  ";"		db	$86, $11, $22, $3B
7ABA : 26 57 08 DF 	"&W  "		db	$26, $57, $08, $DF
7ABE : A4 DE A6 7A 	"   z"		db	$A4, $DE, $A6, $7A
7AC2 : 00 A8 26 E7 	"  & "		db	$00, $A8, $26, $E7
7AC6 : 7A 00 A0 26 	"z  &"		db	$7A, $00, $A0, $26
7ACA : DB 96 A1 27 	"   '"		db	$DB, $96, $A1, $27
7ACE : 25 B6 E0 5C 	"%  \"		db	$25, $B6, $E0, $5C
7AD2 : BD EC FC 8D 	"    "		db	$BD, $EC, $FC, $8D
7AD6 : 59 CE 01 A7 	"Y   "		db	$59, $CE, $01, $A7
7ADA : BD EF 53 CE 	"  S "		db	$BD, $EF, $53, $CE
7ADE : 01 4E BD F7 	" N  "		db	$01, $4E, $BD, $F7
7AE2 : 84 BD F6 FE 	"    "		db	$84, $BD, $F6, $FE
7AE6 : B6 01 66 84 	"  f "		db	$B6, $01, $66, $84
7AEA : 0F 27 07 86 	" '  "		db	$0F, $27, $07, $86
7AEE : 99 8D 33 7F 	"  3 "		db	$99, $8D, $33, $7F
7AF2 : 01 66 39 CE 	" f9 "		db	$01, $66, $39, $CE
7AF6 : 01 66 7C 00 	" f| "		db	$01, $66, $7C, $00
7AFA : A1 DF 9A 8D 	"    "		db	$A1, $DF, $9A, $8D
7AFE : 18 C6 04 09 	"    "		db	$18, $C6, $04, $09
7B02 : BD EF E4 7C 	"   |"		db	$BD, $EF, $E4, $7C
7B06 : 01 66 B6 01 	" f  "		db	$01, $66, $B6, $01
7B0A : 67 4C 84 0F 	"gL  "		db	$67, $4C, $84, $0F
7B0E : 26 B6 7F 01 	"&   "		db	$26, $B6, $7F, $01
7B12 : 67 8D 02 20 	"g   "		db	$67, $8D, $02, $20
7B16 : AF DE A4 96 	"    "		db	$AF, $DE, $A4, $96
7B1A : A8 7F 00 A8 	"    "		db	$A8, $7F, $00, $A8
7B1E : BD EE FF DF 	"    "		db	$BD, $EE, $FF, $DF
7B22 : A4 39 CE 01 	" 9  "		db	$A4, $39, $CE, $01
7B26 : 66 C6 04 BD 	"f   "		db	$66, $C6, $04, $BD
7B2A : EF AF 5A 26 	"  Z&"		db	$EF, $AF, $5A, $26
7B2E : FA 39 BD EA 	" 9  "		db	$FA, $39, $BD, $EA
7B32 : 2F 02 96 C1 	"/   "		db	$2F, $02, $96, $C1
7B36 : 26 F8 39 B6 	"& 9 "		db	$26, $F8, $39, $B6
7B3A : 01 8C 46 25 	"  F%"		db	$01, $8C, $46, $25
7B3E : E4 8D 3F 48 	"  ?H"		db	$E4, $8D, $3F, $48
7B42 : 48 48 48 81 	"HHH "		db	$48, $48, $48, $81
7B46 : A0 24 F6 97 	" $  "		db	$A0, $24, $F6, $97
7B4A : 58 7F 00 9A 	"X   "		db	$58, $7F, $00, $9A
7B4E : C6 04 D7 9B 	"    "		db	$C6, $04, $D7, $9B
7B52 : CE 00 38 A1 	"  8 "		db	$CE, $00, $38, $A1
7B56 : 03 26 03 7C 	" & |"		db	$03, $26, $03, $7C
7B5A : 00 9A BD EF 	"    "		db	$00, $9A, $BD, $EF
7B5E : 4D 7A 00 9B 	"Mz  "		db	$4D, $7A, $00, $9B
7B62 : 26 F1 D6 9A 	"&   "		db	$26, $F1, $D6, $9A
7B66 : 27 12 B6 E0 	"'   "		db	$27, $12, $B6, $E0
7B6A : 5B BD EC FC 	"[   "		db	$5B, $BD, $EC, $FC
7B6E : 8D C0 17 CE 	"    "		db	$8D, $C0, $17, $CE
7B72 : 01 1A BD F7 	"    "		db	$01, $1A, $BD, $F7
7B76 : 84 BD F6 FE 	"    "		db	$84, $BD, $F6, $FE
7B7A : B6 E0 63 7E 	"  c~"		db	$B6, $E0, $63, $7E
7B7E : F1 3C 37 96 	" <7 "		db	$F1, $3C, $37, $96
7B82 : D7 16 56 56 	"  VV"		db	$D7, $16, $56, $56
7B86 : 97 9A D8 9A 	"    "		db	$97, $9A, $D8, $9A
7B8A : 59 49 97 D7 	"YI  "		db	$59, $49, $97, $D7
7B8E : 9B 89 33 39 	"  39"		db	$9B, $89, $33, $39
7B92 : CE 01 AB BD 	"    "		db	$CE, $01, $AB, $BD
7B96 : EF 63 CE 01 	" c  "		db	$EF, $63, $CE, $01
7B9A : 6E BD FE 1F 	"n   "		db	$6E, $BD, $FE, $1F
7B9E : 26 03 5D 26 	"& ]&"		db	$26, $03, $5D, $26
7BA2 : 16 D6 C9 26 	"   &"		db	$16, $D6, $C9, $26
7BA6 : 15 D6 58 C1 	"  X "		db	$15, $D6, $58, $C1
7BAA : F1 26 0F D6 	" &  "		db	$F1, $26, $0F, $D6
7BAE : CC F1 E0 4E 	"   N"		db	$CC, $F1, $E0, $4E
7BB2 : 24 05 8D 0B 	"$   "		db	$24, $05, $8D, $0B
7BB6 : BD F8 58 7E 	"  X~"		db	$BD, $F8, $58, $7E
7BBA : EA 67 8D 03 	" g  "		db	$EA, $67, $8D, $03
7BBE : 7E F8 47 4D 	"~ GM"		db	$7E, $F8, $47, $4D
7BC2 : 27 0D 8B 99 	"'   "		db	$27, $0D, $8B, $99
7BC6 : 19 BD EF AF 	"    "		db	$19, $BD, $EF, $AF
7BCA : 96 5A 8B 99 	" Z  "		db	$96, $5A, $8B, $99
7BCE : 19 97 5A BD 	"  Z "		db	$19, $97, $5A, $BD
7BD2 : F7 2C BD F8 	" ,  "		db	$F7, $2C, $BD, $F8
7BD6 : 29 CE 01 1E 	")   "		db	$29, $CE, $01, $1E
7BDA : 7E F7 7F 7C 	"~  |"		db	$7E, $F7, $7F, $7C
7BDE : 00 D3 B6 01 	"    "		db	$00, $D3, $B6, $01
7BE2 : 92 84 0F 91 	"    "		db	$92, $84, $0F, $91
7BE6 : D3 22 A8 B6 	" "  "		db	$D3, $22, $A8, $B6
7BEA : E0 66 97 C8 	" f  "		db	$E0, $66, $97, $C8
7BEE : BD F3 AB 14 	"    "		db	$BD, $F3, $AB, $14
7BF2 : 00 55 0C 00 	" U  "		db	$00, $55, $0C, $00
7BF6 : 31 F8 04 39 	"1  9"		db	$31, $F8, $04, $39
7BFA : FE 43 FE 62 	" C b"		db	$FE, $43, $FE, $62
7BFE : FE 8D FE CB 	"    "		db	$FE, $8D, $FE, $CB
7C02 : FE F0 00 FD 	"    "		db	$FE, $F0, $00, $FD
7C06 : 23 01 FD 30 	"#  0"		db	$23, $01, $FD, $30
7C0A : 0C FD A9 0D 	"    "		db	$0C, $FD, $A9, $0D
7C0E : FD B1 12 FE 	"    "		db	$FD, $B1, $12, $FE
7C12 : 26 13 FD EF 	"&   "		db	$26, $13, $FD, $EF
7C16 : 14 FE 09 1A 	"    "		db	$14, $FE, $09, $1A
7C1A : FE 33 2A FD 	" 3* "		db	$FE, $33, $2A, $FD
7C1E : 2E 32 FE 3E 	".2 >"		db	$2E, $32, $FE, $3E
7C22 : 33 8D 45 2B 	"3 E+"		db	$33, $8D, $45, $2B
7C26 : 03 7E EA 67 	" ~ g"		db	$03, $7E, $EA, $67
7C2A : 8D 54 8D 47 	" T G"		db	$8D, $54, $8D, $47
7C2E : 2B 75 4F 7F 	"+uO "		db	$2B, $75, $4F, $7F
7C32 : 00 0E CE FB 	"    "		db	$00, $0E, $CE, $FB
7C36 : FA 36 BD F4 	" 6  "		db	$FA, $36, $BD, $F4
7C3A : 8E 32 16 5A 	" 2 Z"		db	$8E, $32, $16, $5A
7C3E : D7 5A BD EA 	" Z  "		db	$D7, $5A, $BD, $EA
7C42 : C4 BD EA 2F 	"   /"		db	$C4, $BD, $EA, $2F
7C46 : 10 8D 21 2A 	"  !*"		db	$10, $8D, $21, $2A
7C4A : FC 8D 28 2B 	"  (+"		db	$FC, $8D, $28, $2B
7C4E : 45 D7 0E 8D 	"E   "		db	$45, $D7, $0E, $8D
7C52 : 17 2B FC 20 	" +  "		db	$17, $2B, $FC, $20
7C56 : F0 36 96 CB 	" 6  "		db	$F0, $36, $96, $CB
7C5A : 2B 0C 8D 17 	"+   "		db	$2B, $0C, $8D, $17
7C5E : 2B 08 96 0E 	"+   "		db	$2B, $08, $96, $0E
7C62 : 27 04 4F 97 	"' O "		db	$27, $04, $4F, $97
7C66 : 0E 4A 32 39 	" J29"		db	$0E, $4A, $32, $39
7C6A : F6 28 00 BD 	" (  "		db	$F6, $28, $00, $BD
7C6E : EA 2F 02 F6 	" /  "		db	$EA, $2F, $02, $F6
7C72 : 28 01 39 F6 	"( 9 "		db	$28, $01, $39, $F6
7C76 : 28 02 BD EA 	"(   "		db	$28, $02, $BD, $EA
7C7A : 2F 02 F6 28 	"/  ("		db	$2F, $02, $F6, $28
7C7E : 03 39 5F BD 	" 9_ "		db	$03, $39, $5F, $BD
7C82 : EA FB 86 18 	"    "		db	$EA, $FB, $86, $18
7C86 : BD EB 23 7C 	"  #|"		db	$BD, $EB, $23, $7C
7C8A : 00 CB CE 00 	"    "		db	$00, $CB, $CE, $00
7C8E : 00 C6 89 7E 	"   ~"		db	$00, $C6, $89, $7E
7C92 : F8 94 C6 28 	"   ("		db	$F8, $94, $C6, $28
7C96 : CE 00 10 8D 	"    "		db	$CE, $00, $10, $8D
7C9A : F6 BD EA FB 	"    "		db	$F6, $BD, $EA, $FB
7C9E : 4C 81 05 26 	"L  &"		db	$4C, $81, $05, $26
7CA2 : 8E 8D DB 7F 	"    "		db	$8E, $8D, $DB, $7F
7CA6 : 00 58 86 04 	" X  "		db	$00, $58, $86, $04
7CAA : 97 5A BD EA 	" Z  "		db	$97, $5A, $BD, $EA
7CAE : 2F 10 BD F8 	"/   "		db	$2F, $10, $BD, $F8
7CB2 : 9A 8D 36 D6 	"  6 "		db	$9A, $8D, $36, $D6
7CB6 : 58 BD F8 34 	"X  4"		db	$58, $BD, $F8, $34
7CBA : CE FC 01 08 	"    "		db	$CE, $FC, $01, $08
7CBE : 08 08 E1 03 	"    "		db	$08, $08, $E1, $03
7CC2 : 24 F9 EE 01 	"$   "		db	$24, $F9, $EE, $01
7CC6 : AD 00 BD FC 	"    "		db	$AD, $00, $BD, $FC
7CCA : 6A 2A FB 8D 	"j*  "		db	$6A, $2A, $FB, $8D
7CCE : 1C BD FC 6A 	"   j"		db	$1C, $BD, $FC, $6A
7CD2 : 2A DC 8D 1A 	"*   "		db	$2A, $DC, $8D, $1A
7CD6 : 26 F7 8D 31 	"&  1"		db	$26, $F7, $8D, $31
7CDA : 9B 58 19 81 	" X  "		db	$9B, $58, $19, $81
7CDE : 51 27 35 81 	"Q'5 "		db	$51, $27, $35, $81
7CE2 : 99 26 02 86 	" &  "		db	$99, $26, $02, $86
7CE6 : 50 97 58 20 	"P X "		db	$50, $97, $58, $20
7CEA : E4 86 08 97 	"    "		db	$E4, $86, $08, $97
7CEE : 0F 39 96 0F 	" 9  "		db	$0F, $39, $96, $0F
7CF2 : 27 05 7A 00 	"' z "		db	$27, $05, $7A, $00
7CF6 : 0F 81 08 39 	"   9"		db	$0F, $81, $08, $39
7CFA : 8D EF BD FC 	"    "		db	$8D, $EF, $BD, $FC
7CFE : 6A 2B CC 96 	"j+  "		db	$6A, $2B, $CC, $96
7D02 : 69 85 04 27 	"i  '"		db	$69, $85, $04, $27
7D06 : F3 8D E7 26 	"   &"		db	$F3, $8D, $E7, $26
7D0A : F1 86 99 BD 	"    "		db	$F1, $86, $99, $BD
7D0E : FC 75 2A 02 	" u* "		db	$FC, $75, $2A, $02
7D12 : 86 01 16 39 	"   9"		db	$86, $01, $16, $39
7D16 : 86 FF 97 58 	"   X"		db	$86, $FF, $97, $58
7D1A : 97 5A BD EA 	" Z  "		db	$97, $5A, $BD, $EA
7D1E : 2F 50 7E E8 	"/P~ "		db	$2F, $50, $7E, $E8
7D22 : 00 FE E0 00 	"    "		db	$00, $FE, $E0, $00
7D26 : DF 39 B6 E0 	" 9  "		db	$DF, $39, $B6, $E0
7D2A : 02 97 3B 39 	"  ;9"		db	$02, $97, $3B, $39
7D2E : C0 1E 58 58 	"  XX"		db	$C0, $1E, $58, $58
7D32 : CE 00 FE BD 	"    "		db	$CE, $00, $FE, $BD
7D36 : EF 4D BD EF 	" M  "		db	$EF, $4D, $BD, $EF
7D3A : 53 97 3A BD 	"S : "		db	$53, $97, $3A, $BD
7D3E : EF 53 97 3B 	" S ;"		db	$EF, $53, $97, $3B
7D42 : C1 20 27 01 	"  ' "		db	$C1, $20, $27, $01
7D46 : 39 CE 01 4E 	"9  N"		db	$39, $CE, $01, $4E
7D4A : BD EF 53 97 	"  S "		db	$BD, $EF, $53, $97
7D4E : 3E BD EF 53 	">  S"		db	$3E, $BD, $EF, $53
7D52 : 97 3F CE 01 	" ?  "		db	$97, $3F, $CE, $01
7D56 : 12 C6 03 D7 	"    "		db	$12, $C6, $03, $D7
7D5A : 9A BD EF 63 	"   c"		db	$9A, $BD, $EF, $63
7D5E : BD EF 53 9B 	"  S "		db	$BD, $EF, $53, $9B
7D62 : 3F 19 97 3F 	"?  ?"		db	$3F, $19, $97, $3F
7D66 : 17 99 3E 19 	"  > "		db	$17, $99, $3E, $19
7D6A : 97 3E 7A 00 	" >z "		db	$97, $3E, $7A, $00
7D6E : 9A 26 EA CE 	" &  "		db	$9A, $26, $EA, $CE
7D72 : 00 46 C6 07 	" F  "		db	$00, $46, $C6, $07
7D76 : BD F8 94 DE 	"    "		db	$BD, $F8, $94, $DE
7D7A : 3E DF 48 86 	"> H "		db	$3E, $DF, $48, $86
7D7E : 99 97 4D 16 	"  M "		db	$99, $97, $4D, $16
7D82 : 90 3B D0 3A 	" ; :"		db	$90, $3B, $D0, $3A
7D86 : 8B 01 19 97 	"    "		db	$8B, $01, $19, $97
7D8A : 4F 17 89 00 	"O   "		db	$4F, $17, $89, $00
7D8E : 19 97 4E D6 	"  N "		db	$19, $97, $4E, $D6
7D92 : 47 CE 00 46 	"G  F"		db	$47, $CE, $00, $46
7D96 : 0C A6 04 A9 	"    "		db	$0C, $A6, $04, $A9
7D9A : 09 19 A7 04 	"    "		db	$09, $19, $A7, $04
7D9E : 09 8C 00 41 	"   A"		db	$09, $8C, $00, $41
7DA2 : 26 F3 D1 47 	"&  G"		db	$26, $F3, $D1, $47
7DA6 : 26 E9 39 BD 	"& 9 "		db	$26, $E9, $39, $BD
7DAA : FA 0B 86 7F 	"    "		db	$FA, $0B, $86, $7F
7DAE : 97 5C 39 CE 	" \9 "		db	$97, $5C, $39, $CE
7DB2 : 01 81 C0 0D 	"    "		db	$01, $81, $C0, $0D
7DB6 : 58 BD EF 4D 	"X  M"		db	$58, $BD, $EF, $4D
7DBA : DF D1 58 CE 	"  X "		db	$DF, $D1, $58, $CE
7DBE : 01 4E BD EF 	" N  "		db	$01, $4E, $BD, $EF
7DC2 : 4D BD EF 53 	"M  S"		db	$4D, $BD, $EF, $53
7DC6 : 97 3E BD EF 	" >  "		db	$97, $3E, $BD, $EF
7DCA : 53 97 3F 5F 	"S ?_"		db	$53, $97, $3F, $5F
7DCE : DE D1 8D 14 	"    "		db	$DE, $D1, $8D, $14
7DD2 : 16 BD EC F3 	"    "		db	$16, $BD, $EC, $F3
7DD6 : 84 F0 D7 38 	"   8"		db	$84, $F0, $D7, $38
7DDA : 97 39 5F D7 	" 9_ "		db	$97, $39, $5F, $D7
7DDE : 3A D7 3B BD 	": ; "		db	$3A, $D7, $3B, $BD
7DE2 : FC FC 20 E8 	"    "		db	$FC, $FC, $20, $E8
7DE6 : 8D 37 1B 19 	" 7  "		db	$8D, $37, $1B, $19
7DEA : BD EF AF 20 	"    "		db	$BD, $EF, $AF, $20
7DEE : 33 5F CE 01 	"3_  "		db	$33, $5F, $CE, $01
7DF2 : AD BD FD E6 	"    "		db	$AD, $BD, $FD, $E6
7DF6 : C6 99 81 09 	"    "		db	$C6, $99, $81, $09
7DFA : 24 F4 97 3B 	"$  ;"		db	$24, $F4, $97, $3B
7DFE : 16 27 03 BD 	" '  "		db	$16, $27, $03, $BD
7E02 : EF D0 BD FC 	"    "		db	$EF, $D0, $BD, $FC
7E06 : FC 20 E7 CE 	"    "		db	$FC, $20, $E7, $CE
7E0A : 01 AF C0 14 	"    "		db	$01, $AF, $C0, $14
7E0E : 58 BD EF 4D 	"X  M"		db	$58, $BD, $EF, $4D
7E12 : BD FE 1F 97 	"    "		db	$BD, $FE, $1F, $97
7E16 : 3B B6 01 AE 	";   "		db	$3B, $B6, $01, $AE
7E1A : 84 0F 27 0B 	"  ' "		db	$84, $0F, $27, $0B
7E1E : 39 BD EF 53 	"9  S"		db	$39, $BD, $EF, $53
7E22 : 09 09 4D 39 	"  M9"		db	$09, $09, $4D, $39
7E26 : CE 01 AB 5F 	"   _"		db	$CE, $01, $AB, $5F
7E2A : 8D BA 97 3B 	"   ;"		db	$8D, $BA, $97, $3B
7E2E : BD FC FC 20 	"    "		db	$BD, $FC, $FC, $20
7E32 : F7 CE 01 8B 	"    "		db	$F7, $CE, $01, $8B
7E36 : C0 1A 58 BD 	"  X "		db	$C0, $1A, $58, $BD
7E3A : EF 4D 20 EB 	" M  "		db	$EF, $4D, $20, $EB
7E3E : CE 01 70 20 	"  p "		db	$CE, $01, $70, $20
7E42 : E6 4F CE 00 	" O  "		db	$E6, $4F, $CE, $00
7E46 : 38 C6 24 BD 	"8 $ "		db	$38, $C6, $24, $BD
7E4A : F8 40 BD EA 	" @  "		db	$F8, $40, $BD, $EA
7E4E : 2F 18 BD FC 	"/   "		db	$2F, $18, $BD, $FC
7E52 : 57 2A EF 73 	"W* s"		db	$57, $2A, $EF, $73
7E56 : 00 60 8B 11 	" `  "		db	$00, $60, $8B, $11
7E5A : 19 24 E7 D6 	" $  "		db	$19, $24, $E7, $D6
7E5E : CB 2A E2 39 	" * 9"		db	$CB, $2A, $E2, $39
7E62 : BD F8 9A 4F 	"   O"		db	$BD, $F8, $9A, $4F
7E66 : 97 60 97 58 	" ` X"		db	$97, $60, $97, $58
7E6A : 86 FE C6 FF 	"    "		db	$86, $FE, $C6, $FF
7E6E : F7 21 00 BD 	" !  "		db	$F7, $21, $00, $BD
7E72 : EA 2F 00 B7 	" /  "		db	$EA, $2F, $00, $B7
7E76 : 21 00 BD EA 	"!   "		db	$21, $00, $BD, $EA
7E7A : 2F 40 BD FC 	"/@  "		db	$2F, $40, $BD, $FC
7E7E : 57 2A EB 7C 	"W* |"		db	$57, $2A, $EB, $7C
7E82 : 00 58 48 4C 	" XHL"		db	$00, $58, $48, $4C
7E86 : 2B E4 D6 CB 	"+   "		db	$2B, $E4, $D6, $CB
7E8A : 2A D9 39 C6 	"* 9 "		db	$2A, $D9, $39, $C6
7E8E : AA D7 58 D7 	"  X "		db	$AA, $D7, $58, $D7
7E92 : 0F 96 10 43 	"   C"		db	$0F, $96, $10, $43
7E96 : CE 00 10 C6 	"    "		db	$CE, $00, $10, $C6
7E9A : 08 BD F8 40 	"   @"		db	$08, $BD, $F8, $40
7E9E : BD EA 2F 1B 	"  / "		db	$BD, $EA, $2F, $1B
7EA2 : 7A 00 0F 26 	"z  &"		db	$7A, $00, $0F, $26
7EA6 : EC D6 CB 2A 	"   *"		db	$EC, $D6, $CB, $2A
7EAA : E8 39 BD FC 	" 9  "		db	$E8, $39, $BD, $FC
7EAE : 80 5A D7 CB 	" Z  "		db	$80, $5A, $D7, $CB
7EB2 : 8D 8F 7F 00 	"    "		db	$8D, $8F, $7F, $00
7EB6 : 5A 8D A9 7C 	"Z  |"		db	$5A, $8D, $A9, $7C
7EBA : 00 5A 8D CF 	" Z  "		db	$00, $5A, $8D, $CF
7EBE : 7C 00 5A 8D 	"| Z "		db	$7C, $00, $5A, $8D
7EC2 : 08 CE 01 4A 	"   J"		db	$08, $CE, $01, $4A
7EC6 : BD F7 7F 20 	"    "		db	$BD, $F7, $7F, $20
7ECA : E7 C6 01 D7 	"    "		db	$E7, $C6, $01, $D7
7ECE : 58 86 20 BD 	"X   "		db	$58, $86, $20, $BD
7ED2 : EB 23 BD EA 	" #  "		db	$EB, $23, $BD, $EA
7ED6 : 2F 40 BD FC 	"/@  "		db	$2F, $40, $BD, $FC
7EDA : 57 2A F4 16 	"W*  "		db	$57, $2A, $F4, $16
7EDE : 96 58 8B 01 	" X  "		db	$96, $58, $8B, $01
7EE2 : 19 97 58 17 	"  X "		db	$19, $97, $58, $17
7EE6 : 4C 81 39 25 	"L 9%"		db	$4C, $81, $39, $25
7EEA : E6 D6 CB 2A 	"   *"		db	$E6, $D6, $CB, $2A
7EEE : DC 39 86 FF 	" 9  "		db	$DC, $39, $86, $FF
7EF2 : 97 58 BD EA 	" X  "		db	$97, $58, $BD, $EA
7EF6 : 2F 00 B6 E0 	"/   "		db	$2F, $00, $B6, $E0
7EFA : 4D 4A CE 00 	"MJ  "		db	$4D, $4A, $CE, $00
7EFE : 69 BD F1 9C 	"i   "		db	$69, $BD, $F1, $9C
7F02 : E5 00 27 14 	"  ' "		db	$E5, $00, $27, $14
7F06 : 36 4C C6 01 	"6L  "		db	$36, $4C, $C6, $01
7F0A : BD F8 16 97 	"    "		db	$BD, $F8, $16, $97
7F0E : 58 4F C6 01 	"XO  "		db	$58, $4F, $C6, $01
7F12 : BD ED 53 32 	"  S2"		db	$BD, $ED, $53, $32
7F16 : BD EA 2F 40 	"  /@"		db	$BD, $EA, $2F, $40
7F1A : 4A 2B D3 20 	"J+  "		db	$4A, $2B, $D3, $20
7F1E : DD C6 20 A8 	"    "		db	$DD, $C6, $20, $A8
7F22 : 00 84 F0 27 	"   '"		db	$00, $84, $F0, $27
7F26 : 54 C6 10 20 	"T   "		db	$54, $C6, $10, $20
7F2A : 50 0F CE 28 	"P  ("		db	$50, $0F, $CE, $28
7F2E : 00 6F 01 86 	" o  "		db	$00, $6F, $01, $86
7F32 : F0 A7 00 C6 	"    "		db	$F0, $A7, $00, $C6
7F36 : 3C E7 01 A7 	"<   "		db	$3C, $E7, $01, $A7
7F3A : 00 4F CE 10 	" O  "		db	$00, $4F, $CE, $10
7F3E : 00 A7 00 08 	"    "		db	$00, $A7, $00, $08
7F42 : 8C 14 00 26 	"   &"		db	$8C, $14, $00, $26
7F46 : F8 35 09 A1 	" 5  "		db	$F8, $35, $09, $A1
7F4A : 00 26 D2 8C 	" &  "		db	$00, $26, $D2, $8C
7F4E : 10 00 26 F6 	"  & "		db	$10, $00, $26, $F6
7F52 : 43 26 E7 C6 	"C&  "		db	$43, $26, $E7, $C6
7F56 : 20 CE FF FF 	"    "		db	$20, $CE, $FF, $FF
7F5A : DF 9A CB 10 	"    "		db	$DF, $9A, $CB, $10
7F5E : C1 70 22 1F 	" p" "		db	$C1, $70, $22, $1F
7F62 : 26 05 B6 E0 	"&   "		db	$26, $05, $B6, $E0
7F66 : 4C 2B 18 96 	"L+  "		db	$4C, $2B, $18, $96
7F6A : 9A 80 08 97 	"    "		db	$9A, $80, $08, $97
7F6E : 9A 4F A9 00 	" O  "		db	$9A, $4F, $A9, $00
7F72 : 09 9C 9A 26 	"   &"		db	$09, $9C, $9A, $26
7F76 : F9 81 80 27 	"   '"		db	$F9, $81, $80, $27
7F7A : DF 53 F7 28 	" S ("		db	$DF, $53, $F7, $28
7F7E : 00 20 FE C6 	"    "		db	$00, $20, $FE, $C6
7F82 : 90 B6 01 BB 	"    "		db	$90, $B6, $01, $BB
7F86 : 7C 01 BB B1 	"|   "		db	$7C, $01, $BB, $B1
7F8A : 01 BB 27 ED 	"  ' "		db	$01, $BB, $27, $ED
7F8E : C6 80 CE 12 	"    "		db	$C6, $80, $CE, $12
7F92 : 00 DF 9A CE 	"    "		db	$00, $DF, $9A, $CE
7F96 : 01 00 8D 37 	"   7"		db	$01, $00, $8D, $37
7F9A : 86 F1 97 9E 	"    "		db	$86, $F1, $97, $9E
7F9E : CE 01 00 96 	"    "		db	$CE, $01, $00, $96
7FA2 : 9E A7 00 8D 	"    "		db	$9E, $A7, $00, $8D
7FA6 : 4B 08 8C 02 	"K   "		db	$4B, $08, $8C, $02
7FAA : 00 26 F6 CE 	" &  "		db	$00, $26, $F6, $CE
7FAE : 01 00 96 9E 	"    "		db	$01, $00, $96, $9E
7FB2 : 16 E8 00 C4 	"    "		db	$16, $E8, $00, $C4
7FB6 : 0F 26 12 8D 	" &  "		db	$0F, $26, $12, $8D
7FBA : 37 08 8C 02 	"7   "		db	$37, $08, $8C, $02
7FBE : 00 26 F1 7C 	" & |"		db	$00, $26, $F1, $7C
7FC2 : 00 9E 26 D8 	"  & "		db	$00, $9E, $26, $D8
7FC6 : 8D 1D 7E E8 	"  ~ "		db	$8D, $1D, $7E, $E8
7FCA : 00 8D 18 C6 	"    "		db	$00, $8D, $18, $C6
7FCE : 80 20 AA 36 	"   6"		db	$80, $20, $AA, $36
7FD2 : BD EF 53 DF 	"  S "		db	$BD, $EF, $53, $DF
7FD6 : 9C DE 9A A7 	"    "		db	$9C, $DE, $9A, $A7
7FDA : 00 08 DF 9A 	"    "		db	$00, $08, $DF, $9A
7FDE : DE 9C 5A 26 	"  Z&"		db	$DE, $9C, $5A, $26
7FE2 : EF 32 39 CE 	" 29 "		db	$EF, $32, $39, $CE
7FE6 : 01 00 DF 9A 	"    "		db	$01, $00, $DF, $9A
7FEA : CE 12 00 C6 	"    "		db	$CE, $12, $00, $C6
7FEE : 80 7E EF E4 	" ~  "		db	$80, $7E, $EF, $E4
7FF2 : 4C 26 02 86 	"L&  "		db	$4C, $26, $02, $86
7FF6 : F1 39 E0 BF 	" 9  "		db	$F1, $39, $E0, $BF
7FFA : E0 C2 FF 2B 	"   +"		db	$E0, $C2, $FF, $2B
7FFE : E8 00 		"  "		db	$E8, $00

;--------------------------------------------------------------
Symbol table
============

Value	Type	Name
-----	----	----
0000	 04	sci_entry
0000	 04	tof_entry
0000	 04	ocf_entry
0000	 04	icf_entry
0000	 04	int_entry
0000	 04	swi_entry
0000	 04	nmi_entry
0000	 04	reset
0000	 04	u16_13ram
0058	 04	X0058
0059	 04	X0059
005A	 04	X005A
005B	 04	X005B
005C	 04	X005C
005D	 04	X005D
005E	 04	X005E
005F	 04	X005F
0060	 04	X0060
0089	 04	X0089
008A	 04	X008A
008B	 04	X008B
008C	 04	X008C
008D	 04	X008D
008E	 04	X008E
008F	 04	X008F
0090	 04	X0090
0091	 04	X0091
0093	 04	X0093
0094	 04	X0094
0095	 04	X0095
2102	 04	X2102
2400	 04	X2400
2800	 04	X2800
2802	 04	X2802
3000	 04	X3000
3002	 04	X3002
5800	 04	u26rom
6000	 04	u14rom
6800	 04	u20rom
7000	 04	ic17
7000	 04	u17rom
7004	 04	L7004
7018	 04	L7018
702F	 04	L702F
705B	 04	L705B
7066	 04	L7066
706F	 04	L706F
707C	 04	L707C
7081	 04	L7081
7097	 04	L7097
70A0	 04	L70A0
70A5	 04	L70A5
70AD	 04	L70AD
70BE	 04	L70BE
70C7	 04	L70C7
70CD	 04	L70CD
70E1	 04	L70E1
70FC	 04	L70FC
710D	 04	L710D
FFF0	 04	sci_vector
FFF2	 04	tof_vector
FFF4	 04	ocf_vector
FFF6	 04	icf_vector
FFF8	 04	irq_vector
FFFA	 04	swi_vector
FFFC	 04	nmi_vector
FFFE	 04	res_vector

Number of symbols:			68

;--------------------------------------------------------------