				;
				;	Disassembled by:
				;		DASMx object code disassembler
				;		(c) Copyright 1996, 1997   Conquest Consultants
				;		Version 1.10 (Jul 16 1997)
				;
				;	File:	ic20.716
				;	Date:	Sun Jul 04 19:42:17 2021
				;	CPU:	Motorola 6800/6802/6808
				;
					org	$6800
				;
6800				ic20:
6800				u20rom:
6800 : 0F 		" "		sei
6801 : 8E F1 0D 	"   "		lds	#$F10D
6804 : C6 0A 		"  "		ldab	#$0A
6806 : CE 21 00 	" ! "		ldx	#$2100
6809 : 86 04 		"  "		ldaa	#$04
680B : A7 01 		"  "		staa	$01,x
680D : 86 7F 		"  "		ldaa	#$7F
680F : A7 00 		"  "		staa	$00,x
6811 : DF 9A 		"  "		stx	X009A
6813 : 9C 9A 		"  "		cpx	X009A
6815 : 26 25 		"&%"		bne	L683C
6817				L6817:
6817 : DE 9A 		"  "		ldx	X009A
6819				L6819:
6819 : 6F 01 		"o "		clr	$01,x
681B : 32 		"2"		pula
681C : A7 00 		"  "		staa	$00,x
681E : 32 		"2"		pula
681F : A7 01 		"  "		staa	$01,x
6821 : 8C 21 00 	" ! "		cpx	#$2100
6824 : 27 02 		"' "		beq	L6828
6826 : 6F 00 		"o "		clr	$00,x
6828				L6828:
6828 : 08 		" "		inx
6829 : 08 		" "		inx
682A : 5A 		"Z"		decb
682B : 27 13 		"' "		beq	L6840
682D : C5 01 		"  "		bitb	#$01
682F : 26 E8 		"& "		bne	L6819
6831 : 96 9A 		"  "		ldaa	X009A
6833 : 48 		"H"		asla
6834 : 84 1F 		"  "		anda	#$1F
6836 : 8A 20 		"  "		oraa	#$20
6838 : 97 9A 		"  "		staa	X009A
683A : 20 DB 		"  "		bra	L6817
683C				L683C:
683C : 7E FF 2B 	"~ +"		jmp	LFF2B
				;
683F : 0B 		" "		db	$0B
				;
6840				L6840:
6840 : CE 13 FF 	"   "		ldx	#$13FF
6843 : 35 		"5"		txs
6844				L6844:
6844 : 6F 00 		"o "		clr	$00,x
6846 : 09 		" "		dex
6847 : 8C 0F FF 	"   "		cpx	#$0FFF
684A : 26 F8 		"& "		bne	L6844
684C : BD EF 22 	"  ""		jsr	LEF22
684F : B6 E0 55 	"  U"		ldaa	XE055
6852 : 97 B5 		"  "		staa	X00B5
6854 : CE 11 00 	"   "		ldx	#$1100
6857 : DF 96 		"  "		stx	X0096
6859 : CE 11 18 	"   "		ldx	#$1118
685C : DF 98 		"  "		stx	X0098
685E : CE 01 7D 	"  }"		ldx	#$017D
6861 : BD EF 53 	"  S"		jsr	LEF53
6864 : BD EF 63 	"  c"		jsr	LEF63
6867 : 1B 		" "		aba
6868 : 81 57 		" W"		cmpa	#$57
686A : 27 03 		"' "		beq	L686F
686C				L686C:
686C : BD EF 7D 	"  }"		jsr	LEF7D
686F				L686F:
686F : CE 01 6E 	"  n"		ldx	#$016E
6872 : BD EF 53 	"  S"		jsr	LEF53
6875 : 97 5A 		" Z"		staa	X005A
6877 : BD FE 1F 	"   "		jsr	LFE1F
687A : 6F 00 		"o "		clr	$00,x
687C : 6F 01 		"o "		clr	$01,x
687E : 81 15 		"  "		cmpa	#$15
6880 : 26 06 		"& "		bne	L6888
6882 : CE FE AC 	"   "		ldx	#$FEAC
6885 : BD EA C4 	"   "		jsr	LEAC4
6888				L6888:
6888 : 81 45 		" E"		cmpa	#$45
688A : 27 E0 		"' "		beq	L686C
688C : 81 35 		" 5"		cmpa	#$35
688E : 26 03 		"& "		bne	L6893
6890 : BD EF 6F 	"  o"		jsr	LEF6F
6893				L6893:
6893 : BD F7 2C 	"  ,"		jsr	LF72C
6896 : 7A 00 61 	"z a"		dec	X0061
6899 : BD F8 9A 	"   "		jsr	LF89A
689C : 97 3B 		" ;"		staa	X003B
689E : 0E 		" "		cli
689F : FE E0 B3 	"   "		ldx	XE0B3
68A2 : AD 00 		"  "		jsr	$00,x		;INFO: index jump
68A4 : CE FA 34 	"  4"		ldx	#$FA34
68A7 : BD EA C4 	"   "		jsr	LEAC4
68AA : 7E E9 FC 	"~  "		jmp	LE9FC
				;
68AD : CE 00 AD DF 	"    "		db	$CE, $00, $AD, $DF
68B1 : B3 DF B1 FE 	"    "		db	$B3, $DF, $B1, $FE
68B5 : E0 B5 AD 00 	"    "		db	$E0, $B5, $AD, $00
68B9 : 0F 96 95 7F 	"    "		db	$0F, $96, $95, $7F
68BD : 00 95 0E 97 	"    "		db	$00, $95, $0E, $97
68C1 : AC 96 CB 27 	"   '"		db	$AC, $96, $CB, $27
68C5 : 03 7E E9 46 	" ~ F"		db	$03, $7E, $E9, $46
68C9 : B6 28 01 2A 	" ( *"		db	$B6, $28, $01, $2A
68CD : 06 CE FC 23 	"   #"		db	$06, $CE, $FC, $23
68D1 : BD EA C4 CE 	"    "		db	$BD, $EA, $C4, $CE
68D5 : 00 00 A6 81 	"    "		db	$00, $00, $A6, $81
68D9 : 43 A4 71 27 	"C q'"		db	$43, $A4, $71, $27
68DD : 03 BD EE 61 	"   a"		db	$03, $BD, $EE, $61
68E1 : A6 81 A4 79 	"   y"		db	$A6, $81, $A4, $79
68E5 : 27 03 BD EE 	"'   "		db	$27, $03, $BD, $EE
68E9 : BB 08 8C 00 	"    "		db	$BB, $08, $8C, $00
68ED : 08 26 E7 D6 	" &  "		db	$08, $26, $E7, $D6
68F1 : D6 27 19 96 	" '  "		db	$D6, $27, $19, $96
68F5 : AC DE D4 BD 	"    "		db	$AC, $DE, $D4, $BD
68F9 : EE FF DF D4 	"    "		db	$EE, $FF, $DF, $D4
68FD : 8C 0E FF 2B 	"   +"		db	$8C, $0E, $FF, $2B
6901 : 0B 5F D7 D4 	" _  "		db	$0B, $5F, $D7, $D4
6905 : D7 D5 CE 01 	"    "		db	$D7, $D5, $CE, $01
6909 : 26 BD F7 7F 	"&   "		db	$26, $BD, $F7, $7F
690D : CE 11 00 9C 	"    "		db	$CE, $11, $00, $9C
6911 : 96 27 32 A6 	" '2 "		db	$96, $27, $32, $A6
6915 : 00 90 AC 22 	"   ""		db	$00, $90, $AC, $22
6919 : 26 DF A8 A6 	"&   "		db	$26, $DF, $A8, $A6
691D : 01 97 A5 7F 	"    "		db	$01, $97, $A5, $7F
6921 : 00 A0 16 57 	"   W"		db	$00, $A0, $16, $57
6925 : 57 57 D7 A1 	"WW  "		db	$57, $57, $D7, $A1
6929 : BD EB 8E D7 	"    "		db	$BD, $EB, $8E, $D7
692D : A2 DE A0 A6 	"    "		db	$A2, $DE, $A0, $A6
6931 : 61 97 A4 BD 	"a   "		db	$61, $97, $A4, $BD
6935 : EE 04 DE A8 	"    "		db	$EE, $04, $DE, $A8
6939 : 24 07 BD EF 	"$   "		db	$24, $07, $BD, $EF
693D : 0F 20 D0 A7 	"    "		db	$0F, $20, $D0, $A7
6941 : 00 08 08 20 	"    "		db	$00, $08, $08, $20
6945 : CA DE AD 27 	"   '"		db	$CA, $DE, $AD, $27
6949 : 0D A6 02 90 	"    "		db	$0D, $A6, $02, $90
694D : AC 24 01 4F 	" $ O"		db	$AC, $24, $01, $4F
6951 : A7 02 EE 00 	"    "		db	$A7, $02, $EE, $00
6955 : 20 F1 96 B6 	"    "		db	$20, $F1, $96, $B6
6959 : 90 AC 22 11 	"  " "		db	$90, $AC, $22, $11
695D : CE 00 00 C6 	"    "		db	$CE, $00, $00, $C6
6961 : 08 A6 10 A8 	"    "		db	$08, $A6, $10, $A8
6965 : 30 A7 10 08 	"0   "		db	$30, $A7, $10, $08
6969 : 5A 26 F6 96 	"Z&  "		db	$5A, $26, $F6, $96
696D : B5 97 B6 96 	"    "		db	$B5, $97, $B6, $96
6971 : 94 26 18 CE 	" &  "		db	$94, $26, $18, $CE
6975 : 11 18 9C 98 	"    "		db	$11, $18, $9C, $98
6979 : 27 11 A6 00 	"'   "		db	$27, $11, $A6, $00
697D : E6 01 E7 00 	"    "		db	$E6, $01, $E7, $00
6981 : 08 9C 98 26 	"   &"		db	$08, $9C, $98, $26
6985 : F7 09 DF 98 	"    "		db	$F7, $09, $DF, $98
6989 : BD EB 47 96 	"  G "		db	$BD, $EB, $47, $96
698D : C1 27 55 96 	" 'U "		db	$C1, $27, $55, $96
6991 : BA 85 10 27 	"   '"		db	$BA, $85, $10, $27
6995 : 09 F6 21 02 	"  ! "		db	$09, $F6, $21, $02
6999 : C4 20 27 5F 	"  '_"		db	$C4, $20, $27, $5F
699D : 20 0E 96 BE 	"    "		db	$20, $0E, $96, $BE
69A1 : 90 AC 97 BE 	"    "		db	$90, $AC, $97, $BE
69A5 : 96 BD 82 00 	"    "		db	$96, $BD, $82, $00
69A9 : 97 BD 24 4F 	"  $O"		db	$97, $BD, $24, $4F
69AD : 86 7F BD ED 	"    "		db	$86, $7F, $BD, $ED
69B1 : A0 96 BA 2B 	"   +"		db	$A0, $96, $BA, $2B
69B5 : 1C 7A 00 B8 	" z  "		db	$1C, $7A, $00, $B8
69B9 : 27 1C D6 C1 	"'   "		db	$27, $1C, $D6, $C1
69BD : 2B 0B DE BF 	"+   "		db	$2B, $0B, $DE, $BF
69C1 : DF BD 96 B9 	"    "		db	$DF, $BD, $96, $B9
69C5 : BD ED 9E 20 	"    "		db	$BD, $ED, $9E, $20
69C9 : 32 8A 80 97 	"2   "		db	$32, $8A, $80, $97
69CD : BA DE BF DF 	"    "		db	$BA, $DE, $BF, $DF
69D1 : BB BD ED A7 	"    "		db	$BB, $BD, $ED, $A7
69D5 : 20 25 D6 C6 	" %  "		db	$20, $25, $D6, $C6
69D9 : 27 0A 96 C7 	"'   "		db	$27, $0A, $96, $C7
69DD : BD ED 53 7F 	"  S "		db	$BD, $ED, $53, $7F
69E1 : 00 C6 20 17 	"    "		db	$00, $C6, $20, $17
69E5 : 7F 00 C1 CE 	"    "		db	$7F, $00, $C1, $CE
69E9 : 11 27 86 08 	" '  "		db	$11, $27, $86, $08
69ED : 08 4A 2B 0B 	" J+ "		db	$08, $4A, $2B, $0B
69F1 : E6 00 27 F8 	"  ' "		db	$E6, $00, $27, $F8
69F5 : 6A 00 8A 08 	"j   "		db	$6A, $00, $8A, $08
69F9 : BD EB FE CE 	"    "		db	$BD, $EB, $FE, $CE
69FD : 00 AD EE 00 	"    "		db	$00, $AD, $EE, $00
6A01 : 26 03 7E E8 	"& ~ "		db	$26, $03, $7E, $E8
6A05 : AD A6 02 26 	"   &"		db	$AD, $A6, $02, $26
6A09 : F5 DF B1 DF 	"    "		db	$F5, $DF, $B1, $DF
6A0D : B3 C6 08 A6 	"    "		db	$B3, $C6, $08, $A6
6A11 : 03 36 08 5A 	" 6 Z"		db	$03, $36, $08, $5A
6A15 : 26 F9 A6 04 	"&   "		db	$26, $F9, $A6, $04
6A19 : 36 A6 03 36 	"6  6"		db	$36, $A6, $03, $36
6A1D : A6 06 E6 07 	"    "		db	$A6, $06, $E6, $07
6A21 : EE 08 39 97 	"  9 "		db	$EE, $08, $39, $97
6A25 : 9C DF 9A 96 	"    "		db	$9C, $DF, $9A, $96
6A29 : B7 30 EE 00 	" 0  "		db	$B7, $30, $EE, $00
6A2D : 20 0A DF 9A 	"    "		db	$20, $0A, $DF, $9A
6A31 : 97 9C 30 EE 	"  0 "		db	$97, $9C, $30, $EE
6A35 : 00 A6 00 08 	"    "		db	$00, $A6, $00, $08
6A39 : DF 9E DE B1 	"    "		db	$DF, $9E, $DE, $B1
6A3D : A7 02 96 9E 	"    "		db	$A7, $02, $96, $9E
6A41 : A7 0B 96 9F 	"    "		db	$A7, $0B, $96, $9F
6A45 : A7 0C E7 0F 	"    "		db	$A7, $0C, $E7, $0F
6A49 : 96 9C A7 0E 	"    "		db	$96, $9C, $A7, $0E
6A4D : 96 9A A7 10 	"    "		db	$96, $9A, $A7, $10
6A51 : 96 9B A7 11 	"    "		db	$96, $9B, $A7, $11
6A55 : 31 31 C6 08 	"11  "		db	$31, $31, $C6, $08
6A59 : 32 A7 0A 09 	"2   "		db	$32, $A7, $0A, $09
6A5D : 5A 26 F9 DE 	"Z&  "		db	$5A, $26, $F9, $DE
6A61 : B1 8E 13 F7 	"    "		db	$B1, $8E, $13, $F7
6A65 : 20 98 CE 00 	"    "		db	$20, $98, $CE, $00
6A69 : AD DF 9C EE 	"    "		db	$AD, $DF, $9C, $EE
6A6D : 00 27 8C 9C 	" '  "		db	$00, $27, $8C, $9C
6A71 : B1 26 F6 8D 	" &  "		db	$B1, $26, $F6, $8D
6A75 : 56 20 EA DF 	"V   "		db	$56, $20, $EA, $DF
6A79 : 9A 0D DE AF 	"    "		db	$9A, $0D, $DE, $AF
6A7D : 27 44 36 A6 	"'D6 "		db	$27, $44, $36, $A6
6A81 : 00 97 AF A6 	"    "		db	$00, $97, $AF, $A6
6A85 : 01 97 B0 DF 	"    "		db	$01, $97, $B0, $DF
6A89 : 9C DE B3 A6 	"    "		db	$9C, $DE, $B3, $A6
6A8D : 00 97 9E A6 	"    "		db	$00, $97, $9E, $A6
6A91 : 01 97 9F 96 	"    "		db	$01, $97, $9F, $96
6A95 : 9C A7 00 96 	"    "		db	$9C, $A7, $00, $96
6A99 : 9D A7 01 EE 	"    "		db	$9D, $A7, $01, $EE
6A9D : 00 DF B3 96 	"    "		db	$00, $DF, $B3, $96
6AA1 : 9E A7 00 96 	"    "		db	$9E, $A7, $00, $96
6AA5 : 9F A7 01 96 	"    "		db	$9F, $A7, $01, $96
6AA9 : 9A A7 0B 96 	"    "		db	$9A, $A7, $0B, $96
6AAD : 9B A7 0C 96 	"    "		db	$9B, $A7, $0C, $96
6AB1 : AA A7 0D 96 	"    "		db	$AA, $A7, $0D, $96
6AB5 : A6 A7 10 96 	"    "		db	$A6, $A7, $10, $96
6AB9 : A7 A7 11 32 	"   2"		db	$A7, $A7, $11, $32
6ABD : A7 0E E7 0F 	"    "		db	$A7, $0E, $E7, $0F
6AC1 : 6F 02 39 36 	"o 96"		db	$6F, $02, $39, $36
6AC5 : 86 06 97 AA 	"    "		db	$86, $06, $97, $AA
6AC9 : 32 20 AC 36 	"2  6"		db	$32, $20, $AC, $36
6ACD : A6 00 97 9A 	"    "		db	$A6, $00, $97, $9A
6AD1 : A6 01 97 9B 	"    "		db	$A6, $01, $97, $9B
6AD5 : 96 AF A7 00 	"    "		db	$96, $AF, $A7, $00
6AD9 : 96 B0 A7 01 	"    "		db	$96, $B0, $A7, $01
6ADD : DF AF 9C B3 	"    "		db	$DF, $AF, $9C, $B3
6AE1 : 26 04 DE B1 	"&   "		db	$26, $04, $DE, $B1
6AE5 : DF B3 DE 9C 	"    "		db	$DF, $B3, $DE, $9C
6AE9 : 96 9A A7 00 	"    "		db	$96, $9A, $A7, $00
6AED : 96 9B A7 01 	"    "		db	$96, $9B, $A7, $01
6AF1 : 32 39 8D 0B 	"29  "		db	$32, $39, $8D, $0B
6AF5 : 25 03 8D D3 	"%   "		db	$25, $03, $8D, $D3
6AF9 : 0C 39 8D F6 	" 9  "		db	$0C, $39, $8D, $F6
6AFD : 24 FC 39 37 	"$ 97"		db	$24, $FC, $39, $37
6B01 : D7 9A CE 00 	"    "		db	$D7, $9A, $CE, $00
6B05 : AD DF 9C DE 	"    "		db	$AD, $DF, $9C, $DE
6B09 : AD 0D 27 14 	"  ' "		db	$AD, $0D, $27, $14
6B0D : 16 E8 0D 53 	"   S"		db	$16, $E8, $0D, $53
6B11 : D4 9A D1 9A 	"    "		db	$D4, $9A, $D1, $9A
6B15 : 27 06 DF 9C 	"'   "		db	$27, $06, $DF, $9C
6B19 : EE 00 20 ED 	"    "		db	$EE, $00, $20, $ED
6B1D : 9C B1 27 F6 	"  ' "		db	$9C, $B1, $27, $F6
6B21 : 33 39 36 37 	"3967"		db	$33, $39, $36, $37
6B25 : DF 9A DE 98 	"    "		db	$DF, $9A, $DE, $98
6B29 : 8C 11 18 27 	"   '"		db	$8C, $11, $18, $27
6B2D : 11 0D 8C 11 	"    "		db	$11, $0D, $8C, $11
6B31 : 28 27 06 A7 	"('  "		db	$28, $27, $06, $A7
6B35 : 00 08 DF 98 	"    "		db	$00, $08, $DF, $98
6B39 : 0C 33 32 DE 	" 32 "		db	$0C, $33, $32, $DE
6B3D : 9A 39 D6 94 	" 9  "		db	$9A, $39, $D6, $94
6B41 : 26 F1 8D 02 	"&   "		db	$26, $F1, $8D, $02
6B45 : 20 F2 37 16 	"  7 "		db	$20, $F2, $37, $16
6B49 : C4 E0 27 1A 	"  ' "		db	$C4, $E0, $27, $1A
6B4D : C1 E0 27 0A 	"  ' "		db	$C1, $E0, $27, $0A
6B51 : D7 94 8D 1C 	"    "		db	$D7, $94, $8D, $1C
6B55 : DF 91 D7 93 	"    "		db	$DF, $91, $D7, $93
6B59 : 20 02 8D 14 	"    "		db	$20, $02, $8D, $14
6B5D : 25 0C 0F EA 	"%   "		db	$25, $0C, $0F, $EA
6B61 : 00 E7 00 0E 	"    "		db	$00, $E7, $00, $0E
6B65 : 33 39 8D 08 	"39  "		db	$33, $39, $8D, $08
6B69 : 25 F4 53 0F 	"% S "		db	$25, $F4, $53, $0F
6B6D : E4 00 20 F1 	"    "		db	$E4, $00, $20, $F1
6B71 : 84 1F 81 0F 	"    "		db	$84, $1F, $81, $0F
6B75 : 22 0B CE 22 	""  ""		db	$22, $0B, $CE, $22
6B79 : 00 81 07 23 	"   #"		db	$00, $81, $07, $23
6B7D : 02 08 08 20 	"    "		db	$02, $08, $08, $20
6B81 : 0C 80 10 CE 	"    "		db	$0C, $80, $10, $CE
6B85 : F1 22 BD F4 	" "  "		db	$F1, $22, $BD, $F4
6B89 : 8E C6 08 0D 	"    "		db	$8E, $C6, $08, $0D
6B8D : 39 36 84 07 	"96  "		db	$39, $36, $84, $07
6B91 : 5F 0D 59 4A 	"_ YJ"		db	$5F, $0D, $59, $4A
6B95 : 2A FC 32 39 	"* 29"		db	$2A, $FC, $32, $39
6B99 : 40 04 80 08 	"@   "		db	$40, $04, $80, $08
6B9D : 10 01 20 02 	"    "		db	$10, $01, $20, $02
6BA1 : C6 40 8D 2B 	" @ +"		db	$C6, $40, $8D, $2B
6BA5 : 26 0C DE CE 	"&   "		db	$26, $0C, $DE, $CE
6BA9 : E6 00 5C 27 	"  \'"		db	$E6, $00, $5C, $27
6BAD : 05 CE EB 99 	"    "		db	$05, $CE, $EB, $99
6BB1 : 8D 11 C6 08 	"    "		db	$8D, $11, $C6, $08
6BB5 : 8D 19 26 16 	"  & "		db	$8D, $19, $26, $16
6BB9 : DE CE E6 02 	"    "		db	$DE, $CE, $E6, $02
6BBD : C1 F0 24 0E 	"  $ "		db	$C1, $F0, $24, $0E
6BC1 : CE EB 9D 96 	"    "		db	$CE, $EB, $9D, $96
6BC5 : CD BD EE FF 	"    "		db	$CD, $BD, $EE, $FF
6BC9 : A6 00 9A 60 	"   `"		db	$A6, $00, $9A, $60
6BCD : 97 60 39 96 	" `9 "		db	$97, $60, $39, $96
6BD1 : CD CE 00 5C 	"   \"		db	$CD, $CE, $00, $5C
6BD5 : BD EE FF E5 	"    "		db	$BD, $EE, $FF, $E5
6BD9 : 00 39 D6 CA 	" 9  "		db	$00, $39, $D6, $CA
6BDD : 26 3D 73 00 	"&=s "		db	$26, $3D, $73, $00
6BE1 : CA D6 D0 27 	"   '"		db	$CA, $D6, $D0, $27
6BE5 : 36 7A 00 D0 	"6z  "		db	$36, $7A, $00, $D0
6BE9 : 26 31 36 B6 	"&16 "		db	$26, $31, $36, $B6
6BED : E0 5F BD F1 	" _  "		db	$E0, $5F, $BD, $F1
6BF1 : 5B B6 E0 60 	"[  `"		db	$5B, $B6, $E0, $60
6BF5 : BD F1 5B 32 	"  [2"		db	$BD, $F1, $5B, $32
6BF9 : 39 36 17 20 	"96  "		db	$39, $36, $17, $20
6BFD : 03 36 84 07 	" 6  "		db	$03, $36, $84, $07
6C01 : BD EC FC 32 	"   2"		db	$BD, $EC, $FC, $32
6C05 : 36 37 7A 00 	"67z "		db	$36, $37, $7A, $00
6C09 : D7 DF D8 BD 	"    "		db	$D7, $DF, $D8, $BD
6C0D : E0 A3 8D CA 	"    "		db	$E0, $A3, $8D, $CA
6C11 : 8D 0A 8D 8C 	"    "		db	$8D, $0A, $8D, $8C
6C15 : BD EC AC DE 	"    "		db	$BD, $EC, $AC, $DE
6C19 : D8 33 32 39 	" 329"		db	$D8, $33, $32, $39
6C1D : DE CE EE 00 	"    "		db	$DE, $CE, $EE, $00
6C21 : DF DE DE CE 	"    "		db	$DF, $DE, $DE, $CE
6C25 : C6 04 D7 D6 	"    "		db	$C6, $04, $D7, $D6
6C29 : D7 A0 97 A2 	"    "		db	$D7, $A0, $97, $A2
6C2D : 5F D7 A3 D7 	"_   "		db	$5F, $D7, $A3, $D7
6C31 : A1 16 C4 07 	"    "		db	$A1, $16, $C4, $07
6C35 : 26 27 5C D7 	"&'\ "		db	$26, $27, $5C, $D7
6C39 : 9E D6 A2 54 	"   T"		db	$9E, $D6, $A2, $54
6C3D : 54 54 8D 45 	"TT E"		db	$54, $54, $8D, $45
6C41 : 9B 9E 8D 3A 	"   :"		db	$9B, $9E, $8D, $3A
6C45 : 5A 26 F9 D6 	"Z&  "		db	$5A, $26, $F9, $D6
6C49 : A1 27 26 A7 	" '& "		db	$A1, $27, $26, $A7
6C4D : 03 09 7A 00 	"  z "		db	$03, $09, $7A, $00
6C51 : A0 27 2A 8D 	" '* "		db	$A0, $27, $2A, $8D
6C55 : 30 7F 00 A1 	"0   "		db	$30, $7F, $00, $A1
6C59 : 1B 8D 23 20 	"  # "		db	$1B, $8D, $23, $20
6C5D : EA 5A 26 06 	" Z& "		db	$EA, $5A, $26, $06
6C61 : C6 10 D7 9E 	"    "		db	$C6, $10, $D7, $9E
6C65 : 20 D3 8D 1D 	"    "		db	$20, $D3, $8D, $1D
6C69 : A7 03 7A 00 	"  z "		db	$A7, $03, $7A, $00
6C6D : A0 09 5A 20 	"  Z "		db	$A0, $09, $5A, $20
6C71 : C3 D6 A3 27 	"   '"		db	$C3, $D6, $A3, $27
6C75 : 06 81 10 24 	"   $"		db	$06, $81, $10, $24
6C79 : 02 8B F0 A7 	"    "		db	$02, $8B, $F0, $A7
6C7D : 03 39 19 24 	" 9 $"		db	$03, $39, $19, $24
6C81 : 03 7C 00 A1 	" |  "		db	$03, $7C, $00, $A1
6C85 : 39 A6 03 4C 	"9  L"		db	$39, $A6, $03, $4C
6C89 : 27 07 4A 81 	"' J "		db	$27, $07, $4A, $81
6C8D : F0 25 05 8B 	" %  "		db	$F0, $25, $05, $8B
6C91 : 10 7C 00 A3 	" |  "		db	$10, $7C, $00, $A3
6C95 : 39 36 37 16 	"967 "		db	$39, $36, $37, $16
6C99 : C4 07 CE 11 	"    "		db	$C4, $07, $CE, $11
6C9D : 30 09 5A 2A 	"0 Z*"		db	$30, $09, $5A, $2A
6CA1 : FC 44 44 44 	" DDD"		db	$FC, $44, $44, $44
6CA5 : AB 00 A7 00 	"    "		db	$AB, $00, $A7, $00
6CA9 : 33 32 39 CE 	"329 "		db	$33, $32, $39, $CE
6CAD : 00 DE 8D 33 	"   3"		db	$00, $DE, $8D, $33
6CB1 : D7 DE DE CE 	"    "		db	$D7, $DE, $DE, $CE
6CB5 : 8D 2D 86 04 	" -  "		db	$8D, $2D, $86, $04
6CB9 : 97 DF CE 01 	"    "		db	$97, $DF, $CE, $01
6CBD : 83 BD EF 53 	"   S"		db	$83, $BD, $EF, $53
6CC1 : 11 22 1A 91 	" "  "		db	$11, $22, $1A, $91
6CC5 : DE 23 16 DF 	" #  "		db	$DE, $23, $16, $DF
6CC9 : AA 86 04 90 	"    "		db	$AA, $86, $04, $90
6CCD : DF 48 48 CE 	" HH "		db	$DF, $48, $48, $CE
6CD1 : 01 52 BD EE 	" R  "		db	$01, $52, $BD, $EE
6CD5 : FF BD F7 7F 	"    "		db	$FF, $BD, $F7, $7F
6CD9 : DE AA BD F6 	"    "		db	$DE, $AA, $BD, $F6
6CDD : BF 7A 00 DF 	" z  "		db	$BF, $7A, $00, $DF
6CE1 : 26 DB 39 A6 	"& 9 "		db	$26, $DB, $39, $A6
6CE5 : 00 E6 01 8D 	"    "		db	$00, $E6, $01, $8D
6CE9 : 04 8D 07 1B 	"    "		db	$04, $8D, $07, $1B
6CED : 16 2A 02 CB 	" *  "		db	$16, $2A, $02, $CB
6CF1 : 10 39 48 48 	" 9HH"		db	$10, $39, $48, $48
6CF5 : 48 48 54 54 	"HHTT"		db	$48, $48, $54, $54
6CF9 : 54 54 39 37 	"TT97"		db	$54, $54, $39, $37
6CFD : C6 01 8D 02 	"    "		db	$C6, $01, $8D, $02
6D01 : 33 39 DF AA 	"39  "		db	$33, $39, $DF, $AA
6D05 : 36 37 D6 C1 	"67  "		db	$36, $37, $D6, $C1
6D09 : 27 1C 16 48 	"'  H"		db	$27, $1C, $16, $48
6D0D : 1B FE E0 53 	"   S"		db	$1B, $FE, $E0, $53
6D11 : BD EE FF A6 	"    "		db	$BD, $EE, $FF, $A6
6D15 : 02 4C 26 02 	" L& "		db	$02, $4C, $26, $02
6D19 : EE 00 A6 00 	"    "		db	$EE, $00, $A6, $00
6D1D : D6 BA C5 40 	"   @"		db	$D6, $BA, $C5, $40
6D21 : 26 08 8D 1D 	"&   "		db	$26, $08, $8D, $1D
6D25 : 25 04 33 32 	"% 32"		db	$25, $04, $33, $32
6D29 : 20 2A 4D 2A 	" *M*"		db	$20, $2A, $4D, $2A
6D2D : 6B D6 C6 27 	"k  '"		db	$6B, $D6, $C6, $27
6D31 : 06 D6 C5 8D 	"    "		db	$06, $D6, $C5, $8D
6D35 : 0C 25 61 97 	" %a "		db	$0C, $25, $61, $97
6D39 : C5 33 32 97 	" 32 "		db	$C5, $33, $32, $97
6D3D : C7 D7 C6 20 	"    "		db	$C7, $D7, $C6, $20
6D41 : 59 36 37 84 	"Y67 "		db	$59, $36, $37, $84
6D45 : 0F C4 0F 11 	"    "		db	$0F, $C4, $0F, $11
6D49 : 33 32 26 05 	"32& "		db	$33, $32, $26, $05
6D4D : C5 20 26 01 	"  & "		db	$C5, $20, $26, $01
6D51 : 0D 39 DF AA 	" 9  "		db	$0D, $39, $DF, $AA
6D55 : 36 37 D7 B8 	"67  "		db	$36, $37, $D7, $B8
6D59 : 16 86 7F 8D 	"    "		db	$16, $86, $7F, $8D
6D5D : 42 17 97 C2 	"B   "		db	$42, $17, $97, $C2
6D61 : 48 1B FE E0 	"H   "		db	$48, $1B, $FE, $E0
6D65 : 53 BD EE FF 	"S   "		db	$53, $BD, $EE, $FF
6D69 : A6 02 81 FF 	"    "		db	$A6, $02, $81, $FF
6D6D : 27 19 E6 00 	"'   "		db	$27, $19, $E6, $00
6D71 : C4 7F D7 BA 	"    "		db	$C4, $7F, $D7, $BA
6D75 : E6 01 D7 BE 	"    "		db	$E6, $01, $D7, $BE
6D79 : 7F 00 BD DE 	"    "		db	$7F, $00, $BD, $DE
6D7D : BD DF BF C6 	"    "		db	$BD, $DF, $BF, $C6
6D81 : 40 D7 C1 8D 	"@   "		db	$40, $D7, $C1, $8D
6D85 : 18 20 11 EE 	"    "		db	$18, $20, $11, $EE
6D89 : 00 C6 80 D7 	"    "		db	$00, $C6, $80, $D7
6D8D : C1 EA 00 D7 	"    "		db	$C1, $EA, $00, $D7
6D91 : BA 08 DF BF 	"    "		db	$BA, $08, $DF, $BF
6D95 : DF BB 8D 0E 	"    "		db	$DF, $BB, $8D, $0E
6D99 : 33 32 DE AA 	"32  "		db	$33, $32, $DE, $AA
6D9D : 39 97 B9 BD 	"9   "		db	$39, $97, $B9, $BD
6DA1 : E0 A1 B7 21 	"   !"		db	$E0, $A1, $B7, $21
6DA5 : 00 39 DE BB 	" 9  "		db	$00, $39, $DE, $BB
6DA9 : A6 00 16 C4 	"    "		db	$A6, $00, $16, $C4
6DAD : C0 27 21 2B 	" '!+"		db	$C0, $27, $21, $2B
6DB1 : 12 84 3F 97 	"  ? "		db	$12, $84, $3F, $97
6DB5 : C3 08 A6 00 	"    "		db	$C3, $08, $A6, $00
6DB9 : 97 C4 96 BA 	"    "		db	$97, $C4, $96, $BA
6DBD : 84 EF 97 BA 	"    "		db	$84, $EF, $97, $BA
6DC1 : 08 20 E5 7F 	"    "		db	$08, $20, $E5, $7F
6DC5 : 00 C3 84 7F 	"    "		db	$00, $C3, $84, $7F
6DC9 : 26 EE 96 BA 	"&   "		db	$26, $EE, $96, $BA
6DCD : 8A 10 20 EE 	"    "		db	$8A, $10, $20, $EE
6DD1 : 8D CB 08 DF 	"    "		db	$8D, $CB, $08, $DF
6DD5 : BB A6 00 81 	"    "		db	$BB, $A6, $00, $81
6DD9 : 3F 26 06 96 	"?&  "		db	$3F, $26, $06, $96
6DDD : BA 84 7F 97 	"    "		db	$BA, $84, $7F, $97
6DE1 : BA DE C3 DF 	"    "		db	$BA, $DE, $C3, $DF
6DE5 : BD 39 36 B6 	" 96 "		db	$BD, $39, $36, $B6
6DE9 : E0 4D 91 A5 	" M  "		db	$E0, $4D, $91, $A5
6DED : 23 12 C5 40 	"#  @"		db	$23, $12, $C5, $40
6DF1 : 26 05 7D 00 	"& } "		db	$26, $05, $7D, $00
6DF5 : C8 26 09 C5 	" &  "		db	$C8, $26, $09, $C5
6DF9 : 20 26 06 7D 	" & }"		db	$20, $26, $06, $7D
6DFD : 00 C9 27 01 	"  ' "		db	$00, $C9, $27, $01
6E01 : 0D 32 39 BD 	" 29 "		db	$0D, $32, $39, $BD
6E05 : EE F7 E6 00 	"    "		db	$EE, $F7, $E6, $00
6E09 : 96 A4 95 A2 	"    "		db	$96, $A4, $95, $A2
6E0D : 27 06 C5 08 	"'   "		db	$27, $06, $C5, $08
6E11 : 27 2D 20 04 	"'-  "		db	$27, $2D, $20, $04
6E15 : C5 10 27 27 	"  ''"		db	$C5, $10, $27, $27
6E19 : 8D CC 25 23 	"  %#"		db	$8D, $CC, $25, $23
6E1D : 4F C5 40 27 	"O @'"		db	$4F, $C5, $40, $27
6E21 : 02 8A 04 97 	"    "		db	$02, $8A, $04, $97
6E25 : AA 96 A5 EE 	"    "		db	$AA, $96, $A5, $EE
6E29 : 01 C5 07 26 	"   &"		db	$01, $C5, $07, $26
6E2D : 02 EE 02 5D 	"   ]"		db	$02, $EE, $02, $5D
6E31 : 2A 05 DF A6 	"*   "		db	$2A, $05, $DF, $A6
6E35 : CE F3 CB BD 	"    "		db	$CE, $F3, $CB, $BD
6E39 : E0 9F BD EA 	"    "		db	$E0, $9F, $BD, $EA
6E3D : 78 25 69 DE 	"x%i "		db	$78, $25, $69, $DE
6E41 : A0 96 A2 A8 	"    "		db	$A0, $96, $A2, $A8
6E45 : 61 A7 61 DE 	"a a "		db	$61, $A7, $61, $DE
6E49 : A0 D6 A2 53 	"   S"		db	$A0, $D6, $A2, $53
6E4D : 17 E4 69 E7 	"  i "		db	$17, $E4, $69, $E7
6E51 : 69 16 E4 71 	"i  q"		db	$69, $16, $E4, $71
6E55 : E7 71 16 A4 	" q  "		db	$E7, $71, $16, $A4
6E59 : 79 A7 79 E4 	"y y "		db	$79, $A7, $79, $E4
6E5D : 81 E7 81 39 	"   9"		db	$81, $E7, $81, $39
6E61 : DF A0 E6 61 	"   a"		db	$DF, $A0, $E6, $61
6E65 : D7 A4 97 A3 	"    "		db	$D7, $A4, $97, $A3
6E69 : 8D 2D 25 28 	" -%("		db	$8D, $2D, $25, $28
6E6D : 8D 3C 8D 6A 	" < j"		db	$8D, $3C, $8D, $6A
6E71 : 27 1D 9B AC 	"'   "		db	$27, $1D, $9B, $AC
6E75 : DE 96 8C 11 	"    "		db	$DE, $96, $8C, $11
6E79 : 18 27 ED A7 	" '  "		db	$18, $27, $ED, $A7
6E7D : 00 96 A5 A7 	"    "		db	$00, $96, $A5, $A7
6E81 : 01 08 08 DF 	"    "		db	$01, $08, $08, $DF
6E85 : 96 DE A0 A6 	"    "		db	$96, $DE, $A0, $A6
6E89 : 81 9A A2 A7 	"    "		db	$81, $9A, $A2, $A7
6E8D : 81 20 D9 BD 	"    "		db	$81, $20, $D9, $BD
6E91 : EE 04 20 D4 	"    "		db	$EE, $04, $20, $D4
6E95 : DE A0 39 4F 	"  9O"		db	$DE, $A0, $39, $4F
6E99 : 0D D6 A3 27 	"   '"		db	$0D, $D6, $A3, $27
6E9D : 0C 49 95 A3 	" I  "		db	$0C, $49, $95, $A3
6EA1 : 27 FB 97 A2 	"'   "		db	$27, $FB, $97, $A2
6EA5 : 98 A3 97 A3 	"    "		db	$98, $A3, $97, $A3
6EA9 : 0C 39 96 A1 	" 9  "		db	$0C, $39, $96, $A1
6EAD : 48 48 48 D6 	"HHH "		db	$48, $48, $48, $D6
6EB1 : A2 56 25 03 	" V% "		db	$A2, $56, $25, $03
6EB5 : 4C 20 FA 97 	"L   "		db	$4C, $20, $FA, $97
6EB9 : A5 39 97 A3 	" 9  "		db	$A5, $39, $97, $A3
6EBD : DF A0 8D D7 	"    "		db	$DF, $A0, $8D, $D7
6EC1 : 25 D2 8D E6 	"%   "		db	$25, $D2, $8D, $E6
6EC5 : CE 11 00 9C 	"    "		db	$CE, $11, $00, $9C
6EC9 : 96 27 F3 A1 	" '  "		db	$96, $27, $F3, $A1
6ECD : 01 26 07 8D 	" &  "		db	$01, $26, $07, $8D
6ED1 : 3D BD EE 48 	"=  H"		db	$3D, $BD, $EE, $48
6ED5 : 20 E8 08 08 	"    "		db	$20, $E8, $08, $08
6ED9 : 20 ED 8D 1A 	"    "		db	$20, $ED, $8D, $1A
6EDD : A6 00 84 07 	"    "		db	$A6, $00, $84, $07
6EE1 : 27 08 48 CE 	"' H "		db	$27, $08, $48, $CE
6EE5 : E0 67 8D 16 	" g  "		db	$E0, $67, $8D, $16
6EE9 : 20 02 EE 01 	"    "		db	$20, $02, $EE, $01
6EED : 96 A4 94 A2 	"    "		db	$96, $A4, $94, $A2
6EF1 : 27 01 08 A6 	"'   "		db	$27, $01, $08, $A6
6EF5 : 00 39 96 A5 	" 9  "		db	$00, $39, $96, $A5
6EF9 : 16 48 1B FE 	" H  "		db	$16, $48, $1B, $FE
6EFD : E0 51 36 DF 	" Q6 "		db	$E0, $51, $36, $DF
6F01 : A6 9B A7 97 	"    "		db	$A6, $9B, $A7, $97
6F05 : A7 24 03 7C 	" $ |"		db	$A7, $24, $03, $7C
6F09 : 00 A6 DE A6 	"    "		db	$00, $A6, $DE, $A6
6F0D : 32 39 DF A6 	"29  "		db	$32, $39, $DF, $A6
6F11 : DE 96 09 09 	"    "		db	$DE, $96, $09, $09
6F15 : DF 96 A6 00 	"    "		db	$DF, $96, $A6, $00
6F19 : E6 01 DE A6 	"    "		db	$E6, $01, $DE, $A6
6F1D : A7 00 E7 01 	"    "		db	$A7, $00, $E7, $01
6F21 : 39 F6 E0 4B 	"9  K"		db	$39, $F6, $E0, $4B
6F25 : CE 11 A8 DF 	"    "		db	$CE, $11, $A8, $DF
6F29 : AF DF 9C 96 	"    "		db	$AF, $DF, $9C, $96
6F2D : 9D 8B 12 A7 	"    "		db	$9D, $8B, $12, $A7
6F31 : 01 86 00 99 	"    "		db	$01, $86, $00, $99
6F35 : 9C A7 00 5A 	"   Z"		db	$9C, $A7, $00, $5A
6F39 : 27 04 EE 00 	"'   "		db	$27, $04, $EE, $00
6F3D : 20 EB E7 00 	"    "		db	$20, $EB, $E7, $00
6F41 : E7 01 D7 AD 	"    "		db	$E7, $01, $D7, $AD
6F45 : D7 AE CE 00 	"    "		db	$D7, $AE, $CE, $00
6F49 : AD DF B3 39 	"   9"		db	$AD, $DF, $B3, $39
6F4D : 36 17 8D AE 	"6   "		db	$36, $17, $8D, $AE
6F51 : 32 39 37 A6 	"297 "		db	$32, $39, $37, $A6
6F55 : 00 E6 01 08 	"    "		db	$00, $E6, $01, $08
6F59 : 08 C4 0F 48 	"   H"		db	$08, $C4, $0F, $48
6F5D : 48 48 48 1B 	"HHH "		db	$48, $48, $48, $1B
6F61 : 33 39 36 8D 	"396 "		db	$33, $39, $36, $8D
6F65 : ED 16 32 39 	"  29"		db	$ED, $16, $32, $39
6F69 : 36 17 8D 42 	"6  B"		db	$36, $17, $8D, $42
6F6D : 32 39 CE 00 	"29  "		db	$32, $39, $CE, $00
6F71 : 66 20 03 CE 	"f   "		db	$66, $20, $03, $CE
6F75 : 01 00 6F FF 	"  o "		db	$01, $00, $6F, $FF
6F79 : 09 26 FB 39 	" & 9"		db	$09, $26, $FB, $39
6F7D : 8D F5 CE 01 	"    "		db	$8D, $F5, $CE, $01
6F81 : 7D DF 9A CE 	"}   "		db	$7D, $DF, $9A, $CE
6F85 : E0 03 C6 18 	"    "		db	$E0, $03, $C6, $18
6F89 : 8D 59 C6 01 	" Y  "		db	$8D, $59, $C6, $01
6F8D : B6 21 00 2A 	" ! *"		db	$B6, $21, $00, $2A
6F91 : 01 5C 8D 3B 	" \ ;"		db	$01, $5C, $8D, $3B
6F95 : 8D 06 CE FC 	"    "		db	$8D, $06, $CE, $FC
6F99 : A3 7E EA C4 	" ~  "		db	$A3, $7E, $EA, $C4
6F9D : 4F BD FB 24 	"O  $"		db	$4F, $BD, $FB, $24
6FA1 : CE 01 81 8D 	"    "		db	$CE, $01, $81, $8D
6FA5 : AD 16 BD EC 	"    "		db	$AD, $16, $BD, $EC
6FA9 : F3 CE 01 66 	"   f"		db	$F3, $CE, $01, $66
6FAD : 8D BA 36 A7 	"  6 "		db	$8D, $BA, $36, $A7
6FB1 : 01 44 44 44 	" DDD"		db	$01, $44, $44, $44
6FB5 : 44 A7 00 08 	"D   "		db	$44, $A7, $00, $08
6FB9 : 08 32 39 36 	" 296"		db	$08, $32, $39, $36
6FBD : A6 00 08 DF 	"    "		db	$A6, $00, $08, $DF
6FC1 : 9C DE 9A A7 	"    "		db	$9C, $DE, $9A, $A7
6FC5 : 00 08 DF 9A 	"    "		db	$00, $08, $DF, $9A
6FC9 : DE 9C 5A 26 	"  Z&"		db	$DE, $9C, $5A, $26
6FCD : EF 32 39 F7 	" 29 "		db	$EF, $32, $39, $F7
6FD1 : 01 AE CE 01 	"    "		db	$01, $AE, $CE, $01
6FD5 : AF DF 9A 58 	"   X"		db	$AF, $DF, $9A, $58
6FD9 : 17 48 1B CE 	" H  "		db	$17, $48, $1B, $CE
6FDD : E0 15 BD EE 	"    "		db	$E0, $15, $BD, $EE
6FE1 : FF C6 06 36 	"   6"		db	$FF, $C6, $06, $36
6FE5 : A6 00 08 DF 	"    "		db	$A6, $00, $08, $DF
6FE9 : 9C DE 9A 8D 	"    "		db	$9C, $DE, $9A, $8D
6FED : C1 DF 9A DE 	"    "		db	$C1, $DF, $9A, $DE
6FF1 : 9C 5A 26 F0 	" Z& "		db	$9C, $5A, $26, $F0
6FF5 : 32 39 86 FF 	"29  "		db	$32, $39, $86, $FF
6FF9 : D6 89 56 25 	"  V%"		db	$D6, $89, $56, $25
6FFD : 31 7C 00 	"1| "		db	$31, $7C, $00

;--------------------------------------------------------------
Symbol table
============

Value	Type	Name
-----	----	----
0000	 04	sci_entry
0000	 04	tof_entry
0000	 04	ocf_entry
0000	 04	icf_entry
0000	 04	int_entry
0000	 04	swi_entry
0000	 04	nmi_entry
0000	 04	reset
0000	 04	u16_13ram
003B	 04	X003B
005A	 04	X005A
0061	 04	X0061
0096	 04	X0096
0098	 04	X0098
009A	 04	X009A
00B5	 04	X00B5
5800	 04	u26rom
6000	 04	u14rom
6800	 04	ic20
6800	 04	u20rom
6817	 04	L6817
6819	 04	L6819
6828	 04	L6828
683C	 04	L683C
6840	 04	L6840
6844	 04	L6844
686C	 04	L686C
686F	 04	L686F
6888	 04	L6888
6893	 04	L6893
7000	 04	u17rom
E055	 04	XE055
E0B3	 04	XE0B3
E9FC	 04	LE9FC
EAC4	 04	LEAC4
EF22	 04	LEF22
EF53	 04	LEF53
EF63	 04	LEF63
EF6F	 04	LEF6F
EF7D	 04	LEF7D
F72C	 04	LF72C
F89A	 04	LF89A
FE1F	 04	LFE1F
FF2B	 04	LFF2B
FFF0	 04	sci_vector
FFF2	 04	tof_vector
FFF4	 04	ocf_vector
FFF6	 04	icf_vector
FFF8	 04	irq_vector
FFFA	 04	swi_vector
FFFC	 04	nmi_vector
FFFE	 04	res_vector

Number of symbols:			53

;--------------------------------------------------------------